<?xml version="1.0" encoding="UTF-8"?>
<robot generator="Robot 7.3.2 (Python 3.13.9 on darwin)" generated="2025-11-26T14:51:39.076609" rpa="false" schemaversion="5">
<suite id="s1" name="Tests" source="/Users/nakshatra.g.int/Desktop/LlamaIndex/tests">
<suite id="s1-s1" name="Raw Output" source="/Users/nakshatra.g.int/Desktop/LlamaIndex/tests/raw_output.robot">
<kw name="Create API Session" type="SETUP">
<kw name="Create Session" owner="RequestsLibrary">
<msg time="2025-11-26T14:51:39.187844" level="INFO">Creating Session using : alias=api, url=http://localhost:8001, headers={},                     cookies={}, auth=None, timeout=None, proxies=None, verify=False,                     debug=0 </msg>
<arg>api</arg>
<arg>${BASE_URL}</arg>
<doc>Create Session: create a HTTP session to a server</doc>
<status status="PASS" start="2025-11-26T14:51:39.187726" elapsed="0.000255"/>
</kw>
<status status="PASS" start="2025-11-26T14:51:39.187427" elapsed="0.000616"/>
</kw>
<test id="s1-s1-t1" name="Signup Successful" line="13">
<kw name="Signup User">
<kw name="Create Dictionary" owner="BuiltIn">
<msg time="2025-11-26T14:51:39.188714" level="INFO">${payload} = {'username': 'testuser', 'password': 'TestPass123'}</msg>
<var>${payload}</var>
<arg>username=${username}</arg>
<arg>password=${password}</arg>
<doc>Creates and returns a dictionary based on the given ``items``.</doc>
<status status="PASS" start="2025-11-26T14:51:39.188504" elapsed="0.000226"/>
</kw>
<kw name="POST On Session" owner="RequestsLibrary">
<msg time="2025-11-26T14:51:39.298169" level="INFO">POST Request : url=http://localhost:8001/signup 
 path_url=/signup 
 headers={'User-Agent': 'python-requests/2.32.5', 'Accept-Encoding': 'gzip, deflate', 'Accept': '*/*', 'Connection': 'keep-alive', 'Content-Length': '51', 'Content-Type': 'application/json'} 
 body=b'{"username": "testuser", "password": "TestPass123"}' 
 </msg>
<msg time="2025-11-26T14:51:39.298265" level="INFO">POST Response : url=http://localhost:8001/signup 
 status=200, reason=OK 
 headers={'date': 'Wed, 26 Nov 2025 09:21:39 GMT', 'server': 'uvicorn', 'content-length': '39', 'content-type': 'application/json'} 
 body={"message":"User created successfully"} 
 </msg>
<msg time="2025-11-26T14:51:39.298379" level="INFO">${resp} = &lt;Response [200]&gt;</msg>
<var>${resp}</var>
<arg>api</arg>
<arg>/signup</arg>
<arg>json=${payload}</arg>
<arg>expected_status=any</arg>
<doc>Sends a POST request on a previously created HTTP Session.</doc>
<status status="PASS" start="2025-11-26T14:51:39.188786" elapsed="0.109617"/>
</kw>
<kw name="Set Variable" owner="BuiltIn">
<msg time="2025-11-26T14:51:39.298960" level="INFO">${json} = {'message': 'User created successfully'}</msg>
<var>${json}</var>
<arg>${resp.json()}</arg>
<doc>Returns the given values which can then be assigned to a variables.</doc>
<status status="PASS" start="2025-11-26T14:51:39.298540" elapsed="0.000436"/>
</kw>
<return>
<value>${resp}</value>
<value>${json}</value>
<status status="PASS" start="2025-11-26T14:51:39.299022" elapsed="0.000036"/>
</return>
<msg time="2025-11-26T14:51:39.299170" level="INFO">${resp} = &lt;Response [200]&gt;</msg>
<msg time="2025-11-26T14:51:39.299193" level="INFO">${json} = {'message': 'User created successfully'}</msg>
<var>${resp}</var>
<var>${json}</var>
<arg>${TEST_USER}</arg>
<arg>${TEST_PASS}</arg>
<status status="PASS" start="2025-11-26T14:51:39.188328" elapsed="0.110877"/>
</kw>
<kw name="Should Be Equal As Numbers" owner="BuiltIn">
<msg time="2025-11-26T14:51:39.299546" level="INFO">Argument types are:
&lt;class 'int'&gt;
&lt;class 'str'&gt;</msg>
<arg>${resp.status_code}</arg>
<arg>200</arg>
<doc>Fails if objects are unequal after converting them to real numbers.</doc>
<status status="PASS" start="2025-11-26T14:51:39.299270" elapsed="0.000318"/>
</kw>
<kw name="Should Be Equal" owner="BuiltIn">
<arg>${json["message"]}</arg>
<arg>User created successfully</arg>
<doc>Fails if the given objects are unequal.</doc>
<status status="PASS" start="2025-11-26T14:51:39.299653" elapsed="0.000259"/>
</kw>
<status status="PASS" start="2025-11-26T14:51:39.188085" elapsed="0.111916"/>
</test>
<test id="s1-s1-t2" name="Signup Duplicate User" line="18">
<kw name="Signup User">
<kw name="Create Dictionary" owner="BuiltIn">
<msg time="2025-11-26T14:51:39.300699" level="INFO">${payload} = {'username': 'testuser', 'password': 'TestPass123'}</msg>
<var>${payload}</var>
<arg>username=${username}</arg>
<arg>password=${password}</arg>
<doc>Creates and returns a dictionary based on the given ``items``.</doc>
<status status="PASS" start="2025-11-26T14:51:39.300551" elapsed="0.000164"/>
</kw>
<kw name="POST On Session" owner="RequestsLibrary">
<msg time="2025-11-26T14:51:39.303816" level="INFO">POST Request : url=http://localhost:8001/signup 
 path_url=/signup 
 headers={'User-Agent': 'python-requests/2.32.5', 'Accept-Encoding': 'gzip, deflate', 'Accept': '*/*', 'Connection': 'keep-alive', 'Content-Length': '51', 'Content-Type': 'application/json'} 
 body=b'{"username": "testuser", "password": "TestPass123"}' 
 </msg>
<msg time="2025-11-26T14:51:39.303867" level="INFO">POST Response : url=http://localhost:8001/signup 
 status=400, reason=Bad Request 
 headers={'date': 'Wed, 26 Nov 2025 09:21:39 GMT', 'server': 'uvicorn', 'content-length': '32', 'content-type': 'application/json'} 
 body={"detail":"User already exists"} 
 </msg>
<msg time="2025-11-26T14:51:39.303940" level="INFO">${resp} = &lt;Response [400]&gt;</msg>
<var>${resp}</var>
<arg>api</arg>
<arg>/signup</arg>
<arg>json=${payload}</arg>
<arg>expected_status=any</arg>
<doc>Sends a POST request on a previously created HTTP Session.</doc>
<status status="PASS" start="2025-11-26T14:51:39.300770" elapsed="0.003184"/>
</kw>
<kw name="Set Variable" owner="BuiltIn">
<msg time="2025-11-26T14:51:39.304401" level="INFO">${json} = {'detail': 'User already exists'}</msg>
<var>${json}</var>
<arg>${resp.json()}</arg>
<doc>Returns the given values which can then be assigned to a variables.</doc>
<status status="PASS" start="2025-11-26T14:51:39.304052" elapsed="0.000363"/>
</kw>
<return>
<value>${resp}</value>
<value>${json}</value>
<status status="PASS" start="2025-11-26T14:51:39.304450" elapsed="0.000032"/>
</return>
<msg time="2025-11-26T14:51:39.304580" level="INFO">${resp} = &lt;Response [400]&gt;</msg>
<msg time="2025-11-26T14:51:39.304603" level="INFO">${json} = {'detail': 'User already exists'}</msg>
<var>${resp}</var>
<var>${json}</var>
<arg>${TEST_USER}</arg>
<arg>${TEST_PASS}</arg>
<status status="PASS" start="2025-11-26T14:51:39.300378" elapsed="0.004237"/>
</kw>
<kw name="Should Be Equal As Numbers" owner="BuiltIn">
<msg time="2025-11-26T14:51:39.305257" level="INFO">Argument types are:
&lt;class 'int'&gt;
&lt;class 'str'&gt;</msg>
<arg>${resp.status_code}</arg>
<arg>400</arg>
<doc>Fails if objects are unequal after converting them to real numbers.</doc>
<status status="PASS" start="2025-11-26T14:51:39.304673" elapsed="0.000618"/>
</kw>
<kw name="Should Contain" owner="BuiltIn">
<arg>${json["detail"]}</arg>
<arg>User already exists</arg>
<doc>Fails if ``container`` does not contain ``item`` one or more times.</doc>
<status status="PASS" start="2025-11-26T14:51:39.305346" elapsed="0.000232"/>
</kw>
<status status="PASS" start="2025-11-26T14:51:39.300136" elapsed="0.005509"/>
</test>
<test id="s1-s1-t3" name="Signup Missing Username" line="23">
<kw name="Create Dictionary" owner="BuiltIn">
<msg time="2025-11-26T14:51:39.306042" level="INFO">${payload} = {'password': 'TestPass123'}</msg>
<var>${payload}</var>
<arg>password=${TEST_PASS}</arg>
<doc>Creates and returns a dictionary based on the given ``items``.</doc>
<status status="PASS" start="2025-11-26T14:51:39.305924" elapsed="0.000134"/>
</kw>
<kw name="POST On Session" owner="RequestsLibrary">
<msg time="2025-11-26T14:51:39.308367" level="INFO">POST Request : url=http://localhost:8001/signup 
 path_url=/signup 
 headers={'User-Agent': 'python-requests/2.32.5', 'Accept-Encoding': 'gzip, deflate', 'Accept': '*/*', 'Connection': 'keep-alive', 'Content-Length': '27', 'Content-Type': 'application/json'} 
 body=b'{"password": "TestPass123"}' 
 </msg>
<msg time="2025-11-26T14:51:39.308421" level="INFO">POST Response : url=http://localhost:8001/signup 
 status=422, reason=Unprocessable Content 
 headers={'date': 'Wed, 26 Nov 2025 09:21:39 GMT', 'server': 'uvicorn', 'content-length': '115', 'content-type': 'application/json'} 
 body={"detail":[{"type":"missing","loc":["body","username"],"msg":"Field required","input":{"password":"TestPass123"}}]} 
 </msg>
<msg time="2025-11-26T14:51:39.308565" level="INFO">${resp} = &lt;Response [422]&gt;</msg>
<var>${resp}</var>
<arg>api</arg>
<arg>/signup</arg>
<arg>json=${payload}</arg>
<arg>expected_status=any</arg>
<doc>Sends a POST request on a previously created HTTP Session.</doc>
<status status="PASS" start="2025-11-26T14:51:39.306104" elapsed="0.002478"/>
</kw>
<kw name="Should Be Equal As Numbers" owner="BuiltIn">
<msg time="2025-11-26T14:51:39.310094" level="INFO">Argument types are:
&lt;class 'int'&gt;
&lt;class 'str'&gt;</msg>
<arg>${resp.status_code}</arg>
<arg>422</arg>
<doc>Fails if objects are unequal after converting them to real numbers.</doc>
<status status="PASS" start="2025-11-26T14:51:39.308682" elapsed="0.001710"/>
</kw>
<status status="PASS" start="2025-11-26T14:51:39.305755" elapsed="0.004732"/>
</test>
<test id="s1-s1-t4" name="Signup Missing Password" line="28">
<kw name="Create Dictionary" owner="BuiltIn">
<msg time="2025-11-26T14:51:39.310964" level="INFO">${payload} = {'username': 'testuser'}</msg>
<var>${payload}</var>
<arg>username=${TEST_USER}</arg>
<doc>Creates and returns a dictionary based on the given ``items``.</doc>
<status status="PASS" start="2025-11-26T14:51:39.310816" elapsed="0.000162"/>
</kw>
<kw name="POST On Session" owner="RequestsLibrary">
<msg time="2025-11-26T14:51:39.313092" level="INFO">POST Request : url=http://localhost:8001/signup 
 path_url=/signup 
 headers={'User-Agent': 'python-requests/2.32.5', 'Accept-Encoding': 'gzip, deflate', 'Accept': '*/*', 'Connection': 'keep-alive', 'Content-Length': '24', 'Content-Type': 'application/json'} 
 body=b'{"username": "testuser"}' 
 </msg>
<msg time="2025-11-26T14:51:39.313141" level="INFO">POST Response : url=http://localhost:8001/signup 
 status=422, reason=Unprocessable Content 
 headers={'date': 'Wed, 26 Nov 2025 09:21:39 GMT', 'server': 'uvicorn', 'content-length': '112', 'content-type': 'application/json'} 
 body={"detail":[{"type":"missing","loc":["body","password"],"msg":"Field required","input":{"username":"testuser"}}]} 
 </msg>
<msg time="2025-11-26T14:51:39.313212" level="INFO">${resp} = &lt;Response [422]&gt;</msg>
<var>${resp}</var>
<arg>api</arg>
<arg>/signup</arg>
<arg>json=${payload}</arg>
<arg>expected_status=any</arg>
<doc>Sends a POST request on a previously created HTTP Session.</doc>
<status status="PASS" start="2025-11-26T14:51:39.311031" elapsed="0.002195"/>
</kw>
<kw name="Should Be Equal As Numbers" owner="BuiltIn">
<msg time="2025-11-26T14:51:39.313619" level="INFO">Argument types are:
&lt;class 'int'&gt;
&lt;class 'str'&gt;</msg>
<arg>${resp.status_code}</arg>
<arg>422</arg>
<doc>Fails if objects are unequal after converting them to real numbers.</doc>
<status status="PASS" start="2025-11-26T14:51:39.313315" elapsed="0.000337"/>
</kw>
<status status="PASS" start="2025-11-26T14:51:39.310608" elapsed="0.003105"/>
</test>
<test id="s1-s1-t5" name="Signup Empty Username" line="33">
<kw name="Signup User">
<kw name="Create Dictionary" owner="BuiltIn">
<msg time="2025-11-26T14:51:39.314490" level="INFO">${payload} = {'username': '', 'password': 'TestPass123'}</msg>
<var>${payload}</var>
<arg>username=${username}</arg>
<arg>password=${password}</arg>
<doc>Creates and returns a dictionary based on the given ``items``.</doc>
<status status="PASS" start="2025-11-26T14:51:39.314352" elapsed="0.000152"/>
</kw>
<kw name="POST On Session" owner="RequestsLibrary">
<msg time="2025-11-26T14:51:39.385974" level="INFO">POST Request : url=http://localhost:8001/signup 
 path_url=/signup 
 headers={'User-Agent': 'python-requests/2.32.5', 'Accept-Encoding': 'gzip, deflate', 'Accept': '*/*', 'Connection': 'keep-alive', 'Content-Length': '43', 'Content-Type': 'application/json'} 
 body=b'{"username": "", "password": "TestPass123"}' 
 </msg>
<msg time="2025-11-26T14:51:39.386032" level="INFO">POST Response : url=http://localhost:8001/signup 
 status=200, reason=OK 
 headers={'date': 'Wed, 26 Nov 2025 09:21:39 GMT', 'server': 'uvicorn', 'content-length': '39', 'content-type': 'application/json'} 
 body={"message":"User created successfully"} 
 </msg>
<msg time="2025-11-26T14:51:39.386114" level="INFO">${resp} = &lt;Response [200]&gt;</msg>
<var>${resp}</var>
<arg>api</arg>
<arg>/signup</arg>
<arg>json=${payload}</arg>
<arg>expected_status=any</arg>
<doc>Sends a POST request on a previously created HTTP Session.</doc>
<status status="PASS" start="2025-11-26T14:51:39.314559" elapsed="0.071572"/>
</kw>
<kw name="Set Variable" owner="BuiltIn">
<msg time="2025-11-26T14:51:39.386597" level="INFO">${json} = {'message': 'User created successfully'}</msg>
<var>${json}</var>
<arg>${resp.json()}</arg>
<doc>Returns the given values which can then be assigned to a variables.</doc>
<status status="PASS" start="2025-11-26T14:51:39.386233" elapsed="0.000380"/>
</kw>
<return>
<value>${resp}</value>
<value>${json}</value>
<status status="PASS" start="2025-11-26T14:51:39.386646" elapsed="0.000025"/>
</return>
<msg time="2025-11-26T14:51:39.386767" level="INFO">${resp} = &lt;Response [200]&gt;</msg>
<msg time="2025-11-26T14:51:39.386789" level="INFO">${json} = {'message': 'User created successfully'}</msg>
<var>${resp}</var>
<var>${json}</var>
<arg>${EMPTY}</arg>
<arg>${TEST_PASS}</arg>
<status status="PASS" start="2025-11-26T14:51:39.314019" elapsed="0.072782"/>
</kw>
<kw name="Should Be Equal As Numbers" owner="BuiltIn">
<msg time="2025-11-26T14:51:39.387109" level="INFO">Argument types are:
&lt;class 'int'&gt;
&lt;class 'str'&gt;</msg>
<msg time="2025-11-26T14:51:39.387190" level="FAIL">200.0 != 422.0</msg>
<arg>${resp.status_code}</arg>
<arg>422</arg>
<doc>Fails if objects are unequal after converting them to real numbers.</doc>
<status status="FAIL" start="2025-11-26T14:51:39.386860" elapsed="0.000434">200.0 != 422.0</status>
</kw>
<status status="FAIL" start="2025-11-26T14:51:39.313811" elapsed="0.073583">200.0 != 422.0</status>
</test>
<test id="s1-s1-t6" name="Signup Empty Password" line="37">
<kw name="Signup User">
<kw name="Create Dictionary" owner="BuiltIn">
<msg time="2025-11-26T14:51:39.388303" level="INFO">${payload} = {'username': 'testuser', 'password': ''}</msg>
<var>${payload}</var>
<arg>username=${username}</arg>
<arg>password=${password}</arg>
<doc>Creates and returns a dictionary based on the given ``items``.</doc>
<status status="PASS" start="2025-11-26T14:51:39.388150" elapsed="0.000170"/>
</kw>
<kw name="POST On Session" owner="RequestsLibrary">
<msg time="2025-11-26T14:51:39.390774" level="INFO">POST Request : url=http://localhost:8001/signup 
 path_url=/signup 
 headers={'User-Agent': 'python-requests/2.32.5', 'Accept-Encoding': 'gzip, deflate', 'Accept': '*/*', 'Connection': 'keep-alive', 'Content-Length': '40', 'Content-Type': 'application/json'} 
 body=b'{"username": "testuser", "password": ""}' 
 </msg>
<msg time="2025-11-26T14:51:39.390823" level="INFO">POST Response : url=http://localhost:8001/signup 
 status=400, reason=Bad Request 
 headers={'date': 'Wed, 26 Nov 2025 09:21:39 GMT', 'server': 'uvicorn', 'content-length': '32', 'content-type': 'application/json'} 
 body={"detail":"User already exists"} 
 </msg>
<msg time="2025-11-26T14:51:39.390898" level="INFO">${resp} = &lt;Response [400]&gt;</msg>
<var>${resp}</var>
<arg>api</arg>
<arg>/signup</arg>
<arg>json=${payload}</arg>
<arg>expected_status=any</arg>
<doc>Sends a POST request on a previously created HTTP Session.</doc>
<status status="PASS" start="2025-11-26T14:51:39.388381" elapsed="0.002532"/>
</kw>
<kw name="Set Variable" owner="BuiltIn">
<msg time="2025-11-26T14:51:39.391337" level="INFO">${json} = {'detail': 'User already exists'}</msg>
<var>${json}</var>
<arg>${resp.json()}</arg>
<doc>Returns the given values which can then be assigned to a variables.</doc>
<status status="PASS" start="2025-11-26T14:51:39.390998" elapsed="0.000355"/>
</kw>
<return>
<value>${resp}</value>
<value>${json}</value>
<status status="PASS" start="2025-11-26T14:51:39.391438" elapsed="0.000026"/>
</return>
<msg time="2025-11-26T14:51:39.391562" level="INFO">${resp} = &lt;Response [400]&gt;</msg>
<msg time="2025-11-26T14:51:39.391584" level="INFO">${json} = {'detail': 'User already exists'}</msg>
<var>${resp}</var>
<var>${json}</var>
<arg>${TEST_USER}</arg>
<arg>${EMPTY}</arg>
<status status="PASS" start="2025-11-26T14:51:39.387767" elapsed="0.003828"/>
</kw>
<kw name="Should Be Equal As Numbers" owner="BuiltIn">
<msg time="2025-11-26T14:51:39.391899" level="INFO">Argument types are:
&lt;class 'int'&gt;
&lt;class 'str'&gt;</msg>
<msg time="2025-11-26T14:51:39.391963" level="FAIL">400.0 != 422.0</msg>
<arg>${resp.status_code}</arg>
<arg>422</arg>
<doc>Fails if objects are unequal after converting them to real numbers.</doc>
<status status="FAIL" start="2025-11-26T14:51:39.391654" elapsed="0.000368">400.0 != 422.0</status>
</kw>
<status status="FAIL" start="2025-11-26T14:51:39.387510" elapsed="0.004608">400.0 != 422.0</status>
</test>
<test id="s1-s1-t7" name="Signup Invalid Username Type" line="41">
<kw name="Create Dictionary" owner="BuiltIn">
<msg time="2025-11-26T14:51:39.392758" level="INFO">${payload} = {'username': '12345', 'password': 'TestPass123'}</msg>
<var>${payload}</var>
<arg>username=12345</arg>
<arg>password=${TEST_PASS}</arg>
<doc>Creates and returns a dictionary based on the given ``items``.</doc>
<status status="PASS" start="2025-11-26T14:51:39.392613" elapsed="0.000162"/>
</kw>
<kw name="POST On Session" owner="RequestsLibrary">
<msg time="2025-11-26T14:51:39.463612" level="INFO">POST Request : url=http://localhost:8001/signup 
 path_url=/signup 
 headers={'User-Agent': 'python-requests/2.32.5', 'Accept-Encoding': 'gzip, deflate', 'Accept': '*/*', 'Connection': 'keep-alive', 'Content-Length': '48', 'Content-Type': 'application/json'} 
 body=b'{"username": "12345", "password": "TestPass123"}' 
 </msg>
<msg time="2025-11-26T14:51:39.463752" level="INFO">POST Response : url=http://localhost:8001/signup 
 status=200, reason=OK 
 headers={'date': 'Wed, 26 Nov 2025 09:21:39 GMT', 'server': 'uvicorn', 'content-length': '39', 'content-type': 'application/json'} 
 body={"message":"User created successfully"} 
 </msg>
<msg time="2025-11-26T14:51:39.463854" level="INFO">${resp} = &lt;Response [200]&gt;</msg>
<var>${resp}</var>
<arg>api</arg>
<arg>/signup</arg>
<arg>json=${payload}</arg>
<arg>expected_status=any</arg>
<doc>Sends a POST request on a previously created HTTP Session.</doc>
<status status="PASS" start="2025-11-26T14:51:39.392835" elapsed="0.071036"/>
</kw>
<kw name="Should Be Equal As Numbers" owner="BuiltIn">
<msg time="2025-11-26T14:51:39.464501" level="INFO">Argument types are:
&lt;class 'int'&gt;
&lt;class 'str'&gt;</msg>
<msg time="2025-11-26T14:51:39.464571" level="FAIL">200.0 != 422.0</msg>
<arg>${resp.status_code}</arg>
<arg>422</arg>
<doc>Fails if objects are unequal after converting them to real numbers.</doc>
<status status="FAIL" start="2025-11-26T14:51:39.464063" elapsed="0.000554">200.0 != 422.0</status>
</kw>
<status status="FAIL" start="2025-11-26T14:51:39.392406" elapsed="0.072381">200.0 != 422.0</status>
</test>
<test id="s1-s1-t8" name="Signup Invalid Password Type" line="46">
<kw name="Create Dictionary" owner="BuiltIn">
<msg time="2025-11-26T14:51:39.465250" level="INFO">${payload} = {'username': 'testuser', 'password': '12345'}</msg>
<var>${payload}</var>
<arg>username=${TEST_USER}</arg>
<arg>password=12345</arg>
<doc>Creates and returns a dictionary based on the given ``items``.</doc>
<status status="PASS" start="2025-11-26T14:51:39.465096" elapsed="0.000176"/>
</kw>
<kw name="POST On Session" owner="RequestsLibrary">
<msg time="2025-11-26T14:51:39.467843" level="INFO">POST Request : url=http://localhost:8001/signup 
 path_url=/signup 
 headers={'User-Agent': 'python-requests/2.32.5', 'Accept-Encoding': 'gzip, deflate', 'Accept': '*/*', 'Connection': 'keep-alive', 'Content-Length': '45', 'Content-Type': 'application/json'} 
 body=b'{"username": "testuser", "password": "12345"}' 
 </msg>
<msg time="2025-11-26T14:51:39.467884" level="INFO">POST Response : url=http://localhost:8001/signup 
 status=400, reason=Bad Request 
 headers={'date': 'Wed, 26 Nov 2025 09:21:39 GMT', 'server': 'uvicorn', 'content-length': '32', 'content-type': 'application/json'} 
 body={"detail":"User already exists"} 
 </msg>
<msg time="2025-11-26T14:51:39.467947" level="INFO">${resp} = &lt;Response [400]&gt;</msg>
<var>${resp}</var>
<arg>api</arg>
<arg>/signup</arg>
<arg>json=${payload}</arg>
<arg>expected_status=any</arg>
<doc>Sends a POST request on a previously created HTTP Session.</doc>
<status status="PASS" start="2025-11-26T14:51:39.465331" elapsed="0.002629"/>
</kw>
<kw name="Should Be Equal As Numbers" owner="BuiltIn">
<msg time="2025-11-26T14:51:39.468319" level="INFO">Argument types are:
&lt;class 'int'&gt;
&lt;class 'str'&gt;</msg>
<msg time="2025-11-26T14:51:39.468374" level="FAIL">400.0 != 422.0</msg>
<arg>${resp.status_code}</arg>
<arg>422</arg>
<doc>Fails if objects are unequal after converting them to real numbers.</doc>
<status status="FAIL" start="2025-11-26T14:51:39.468039" elapsed="0.000374">400.0 != 422.0</status>
</kw>
<status status="FAIL" start="2025-11-26T14:51:39.464905" elapsed="0.003589">400.0 != 422.0</status>
</test>
<test id="s1-s1-t9" name="Signup Very Long Username" line="51">
<kw name="Signup User">
<kw name="Create Dictionary" owner="BuiltIn">
<msg time="2025-11-26T14:51:39.469296" level="INFO">${payload} = {'username': "Evaluate 'u'*256", 'password': 'TestPass123'}</msg>
<var>${payload}</var>
<arg>username=${username}</arg>
<arg>password=${password}</arg>
<doc>Creates and returns a dictionary based on the given ``items``.</doc>
<status status="PASS" start="2025-11-26T14:51:39.469148" elapsed="0.000163"/>
</kw>
<kw name="POST On Session" owner="RequestsLibrary">
<msg time="2025-11-26T14:51:39.536027" level="INFO">POST Request : url=http://localhost:8001/signup 
 path_url=/signup 
 headers={'User-Agent': 'python-requests/2.32.5', 'Accept-Encoding': 'gzip, deflate', 'Accept': '*/*', 'Connection': 'keep-alive', 'Content-Length': '59', 'Content-Type': 'application/json'} 
 body=b'{"username": "Evaluate \'u\'*256", "password": "TestPass123"}' 
 </msg>
<msg time="2025-11-26T14:51:39.536087" level="INFO">POST Response : url=http://localhost:8001/signup 
 status=200, reason=OK 
 headers={'date': 'Wed, 26 Nov 2025 09:21:39 GMT', 'server': 'uvicorn', 'content-length': '39', 'content-type': 'application/json'} 
 body={"message":"User created successfully"} 
 </msg>
<msg time="2025-11-26T14:51:39.536170" level="INFO">${resp} = &lt;Response [200]&gt;</msg>
<var>${resp}</var>
<arg>api</arg>
<arg>/signup</arg>
<arg>json=${payload}</arg>
<arg>expected_status=any</arg>
<doc>Sends a POST request on a previously created HTTP Session.</doc>
<status status="PASS" start="2025-11-26T14:51:39.469369" elapsed="0.066818"/>
</kw>
<kw name="Set Variable" owner="BuiltIn">
<msg time="2025-11-26T14:51:39.536669" level="INFO">${json} = {'message': 'User created successfully'}</msg>
<var>${json}</var>
<arg>${resp.json()}</arg>
<doc>Returns the given values which can then be assigned to a variables.</doc>
<status status="PASS" start="2025-11-26T14:51:39.536290" elapsed="0.000394"/>
</kw>
<return>
<value>${resp}</value>
<value>${json}</value>
<status status="PASS" start="2025-11-26T14:51:39.536716" elapsed="0.000026"/>
</return>
<msg time="2025-11-26T14:51:39.536837" level="INFO">${resp} = &lt;Response [200]&gt;</msg>
<msg time="2025-11-26T14:51:39.536858" level="INFO">${json} = {'message': 'User created successfully'}</msg>
<var>${resp}</var>
<var>${json}</var>
<arg>${LONG_USERNAME}</arg>
<arg>${TEST_PASS}</arg>
<status status="PASS" start="2025-11-26T14:51:39.468811" elapsed="0.068060"/>
</kw>
<kw name="Should Be Equal As Numbers" owner="BuiltIn">
<msg time="2025-11-26T14:51:39.537196" level="INFO">Argument types are:
&lt;class 'int'&gt;
&lt;class 'str'&gt;</msg>
<arg>${resp.status_code}</arg>
<arg>200</arg>
<doc>Fails if objects are unequal after converting them to real numbers.</doc>
<status status="PASS" start="2025-11-26T14:51:39.536932" elapsed="0.000300"/>
</kw>
<kw name="Should Be Equal" owner="BuiltIn">
<arg>${json["message"]}</arg>
<arg>User created successfully</arg>
<doc>Fails if the given objects are unequal.</doc>
<status status="PASS" start="2025-11-26T14:51:39.537346" elapsed="0.000268"/>
</kw>
<status status="PASS" start="2025-11-26T14:51:39.468595" elapsed="0.069150"/>
</test>
<test id="s1-s1-t10" name="Signup Very Long Password" line="56">
<kw name="Signup User">
<kw name="Create Dictionary" owner="BuiltIn">
<msg time="2025-11-26T14:51:39.538399" level="INFO">${payload} = {'username': 'testuser_long', 'password': "Evaluate 'p'*256"}</msg>
<var>${payload}</var>
<arg>username=${username}</arg>
<arg>password=${password}</arg>
<doc>Creates and returns a dictionary based on the given ``items``.</doc>
<status status="PASS" start="2025-11-26T14:51:39.538252" elapsed="0.000164"/>
</kw>
<kw name="POST On Session" owner="RequestsLibrary">
<msg time="2025-11-26T14:51:39.623768" level="INFO">POST Request : url=http://localhost:8001/signup 
 path_url=/signup 
 headers={'User-Agent': 'python-requests/2.32.5', 'Accept-Encoding': 'gzip, deflate', 'Accept': '*/*', 'Connection': 'keep-alive', 'Content-Length': '61', 'Content-Type': 'application/json'} 
 body=b'{"username": "testuser_long", "password": "Evaluate \'p\'*256"}' 
 </msg>
<msg time="2025-11-26T14:51:39.623823" level="INFO">POST Response : url=http://localhost:8001/signup 
 status=200, reason=OK 
 headers={'date': 'Wed, 26 Nov 2025 09:21:39 GMT', 'server': 'uvicorn', 'content-length': '39', 'content-type': 'application/json'} 
 body={"message":"User created successfully"} 
 </msg>
<msg time="2025-11-26T14:51:39.623906" level="INFO">${resp} = &lt;Response [200]&gt;</msg>
<var>${resp}</var>
<arg>api</arg>
<arg>/signup</arg>
<arg>json=${payload}</arg>
<arg>expected_status=any</arg>
<doc>Sends a POST request on a previously created HTTP Session.</doc>
<status status="PASS" start="2025-11-26T14:51:39.538471" elapsed="0.085450"/>
</kw>
<kw name="Set Variable" owner="BuiltIn">
<msg time="2025-11-26T14:51:39.624394" level="INFO">${json} = {'message': 'User created successfully'}</msg>
<var>${json}</var>
<arg>${resp.json()}</arg>
<doc>Returns the given values which can then be assigned to a variables.</doc>
<status status="PASS" start="2025-11-26T14:51:39.624025" elapsed="0.000384"/>
</kw>
<return>
<value>${resp}</value>
<value>${json}</value>
<status status="PASS" start="2025-11-26T14:51:39.624443" elapsed="0.000025"/>
</return>
<msg time="2025-11-26T14:51:39.624561" level="INFO">${resp} = &lt;Response [200]&gt;</msg>
<msg time="2025-11-26T14:51:39.624582" level="INFO">${json} = {'message': 'User created successfully'}</msg>
<var>${resp}</var>
<var>${json}</var>
<arg>${TEST_USER}_long</arg>
<arg>${LONG_PASSWORD}</arg>
<status status="PASS" start="2025-11-26T14:51:39.538077" elapsed="0.086517"/>
</kw>
<kw name="Should Be Equal As Numbers" owner="BuiltIn">
<msg time="2025-11-26T14:51:39.624908" level="INFO">Argument types are:
&lt;class 'int'&gt;
&lt;class 'str'&gt;</msg>
<arg>${resp.status_code}</arg>
<arg>200</arg>
<doc>Fails if objects are unequal after converting them to real numbers.</doc>
<status status="PASS" start="2025-11-26T14:51:39.624656" elapsed="0.000286"/>
</kw>
<kw name="Should Be Equal" owner="BuiltIn">
<arg>${json["message"]}</arg>
<arg>User created successfully</arg>
<doc>Fails if the given objects are unequal.</doc>
<status status="PASS" start="2025-11-26T14:51:39.625000" elapsed="0.000252"/>
</kw>
<status status="PASS" start="2025-11-26T14:51:39.537852" elapsed="0.087463"/>
</test>
<test id="s1-s1-t11" name="Login Successful" line="61">
<kw name="Login User">
<kw name="Create Dictionary" owner="BuiltIn">
<msg time="2025-11-26T14:51:39.625962" level="INFO">${payload} = {'username': 'testuser', 'password': 'TestPass123'}</msg>
<var>${payload}</var>
<arg>username=${username}</arg>
<arg>password=${password}</arg>
<doc>Creates and returns a dictionary based on the given ``items``.</doc>
<status status="PASS" start="2025-11-26T14:51:39.625817" elapsed="0.000160"/>
</kw>
<kw name="POST On Session" owner="RequestsLibrary">
<msg time="2025-11-26T14:51:39.703113" level="INFO">POST Request : url=http://localhost:8001/login 
 path_url=/login 
 headers={'User-Agent': 'python-requests/2.32.5', 'Accept-Encoding': 'gzip, deflate', 'Accept': '*/*', 'Connection': 'keep-alive', 'Content-Length': '51', 'Content-Type': 'application/json'} 
 body=b'{"username": "testuser", "password": "TestPass123"}' 
 </msg>
<msg time="2025-11-26T14:51:39.703220" level="INFO">POST Response : url=http://localhost:8001/login 
 status=200, reason=OK 
 headers={'date': 'Wed, 26 Nov 2025 09:21:39 GMT', 'server': 'uvicorn', 'content-length': '30', 'content-type': 'application/json'} 
 body={"message":"Login successful"} 
 </msg>
<msg time="2025-11-26T14:51:39.703315" level="INFO">${resp} = &lt;Response [200]&gt;</msg>
<var>${resp}</var>
<arg>api</arg>
<arg>/login</arg>
<arg>json=${payload}</arg>
<arg>expected_status=any</arg>
<doc>Sends a POST request on a previously created HTTP Session.</doc>
<status status="PASS" start="2025-11-26T14:51:39.626030" elapsed="0.077303"/>
</kw>
<kw name="Set Variable" owner="BuiltIn">
<msg time="2025-11-26T14:51:39.703803" level="INFO">${json} = {'message': 'Login successful'}</msg>
<var>${json}</var>
<arg>${resp.json()}</arg>
<doc>Returns the given values which can then be assigned to a variables.</doc>
<status status="PASS" start="2025-11-26T14:51:39.703435" elapsed="0.000383"/>
</kw>
<return>
<value>${resp}</value>
<value>${json}</value>
<status status="PASS" start="2025-11-26T14:51:39.703984" elapsed="0.000080"/>
</return>
<msg time="2025-11-26T14:51:39.704281" level="INFO">${resp} = &lt;Response [200]&gt;</msg>
<msg time="2025-11-26T14:51:39.704312" level="INFO">${json} = {'message': 'Login successful'}</msg>
<var>${resp}</var>
<var>${json}</var>
<arg>${TEST_USER}</arg>
<arg>${TEST_PASS}</arg>
<status status="PASS" start="2025-11-26T14:51:39.625637" elapsed="0.078689"/>
</kw>
<kw name="Should Be Equal As Numbers" owner="BuiltIn">
<msg time="2025-11-26T14:51:39.704709" level="INFO">Argument types are:
&lt;class 'int'&gt;
&lt;class 'str'&gt;</msg>
<arg>${resp.status_code}</arg>
<arg>200</arg>
<doc>Fails if objects are unequal after converting them to real numbers.</doc>
<status status="PASS" start="2025-11-26T14:51:39.704397" elapsed="0.000347"/>
</kw>
<kw name="Should Be Equal" owner="BuiltIn">
<arg>${json["message"]}</arg>
<arg>Login successful</arg>
<doc>Fails if the given objects are unequal.</doc>
<status status="PASS" start="2025-11-26T14:51:39.704811" elapsed="0.000317"/>
</kw>
<status status="PASS" start="2025-11-26T14:51:39.625422" elapsed="0.079767"/>
</test>
<test id="s1-s1-t12" name="Login Nonexistent User" line="66">
<kw name="Login User">
<kw name="Create Dictionary" owner="BuiltIn">
<msg time="2025-11-26T14:51:39.705985" level="INFO">${payload} = {'username': 'nonexistent_user', 'password': 'TestPass123'}</msg>
<var>${payload}</var>
<arg>username=${username}</arg>
<arg>password=${password}</arg>
<doc>Creates and returns a dictionary based on the given ``items``.</doc>
<status status="PASS" start="2025-11-26T14:51:39.705836" elapsed="0.000164"/>
</kw>
<kw name="POST On Session" owner="RequestsLibrary">
<msg time="2025-11-26T14:51:39.708942" level="INFO">POST Request : url=http://localhost:8001/login 
 path_url=/login 
 headers={'User-Agent': 'python-requests/2.32.5', 'Accept-Encoding': 'gzip, deflate', 'Accept': '*/*', 'Connection': 'keep-alive', 'Content-Length': '59', 'Content-Type': 'application/json'} 
 body=b'{"username": "nonexistent_user", "password": "TestPass123"}' 
 </msg>
<msg time="2025-11-26T14:51:39.708985" level="INFO">POST Response : url=http://localhost:8001/login 
 status=404, reason=Not Found 
 headers={'date': 'Wed, 26 Nov 2025 09:21:39 GMT', 'server': 'uvicorn', 'content-length': '27', 'content-type': 'application/json'} 
 body={"detail":"User not found"} 
 </msg>
<msg time="2025-11-26T14:51:39.709048" level="INFO">${resp} = &lt;Response [404]&gt;</msg>
<var>${resp}</var>
<arg>api</arg>
<arg>/login</arg>
<arg>json=${payload}</arg>
<arg>expected_status=any</arg>
<doc>Sends a POST request on a previously created HTTP Session.</doc>
<status status="PASS" start="2025-11-26T14:51:39.706057" elapsed="0.003004"/>
</kw>
<kw name="Set Variable" owner="BuiltIn">
<msg time="2025-11-26T14:51:39.709604" level="INFO">${json} = {'detail': 'User not found'}</msg>
<var>${json}</var>
<arg>${resp.json()}</arg>
<doc>Returns the given values which can then be assigned to a variables.</doc>
<status status="PASS" start="2025-11-26T14:51:39.709222" elapsed="0.000399"/>
</kw>
<return>
<value>${resp}</value>
<value>${json}</value>
<status status="PASS" start="2025-11-26T14:51:39.709654" elapsed="0.000026"/>
</return>
<msg time="2025-11-26T14:51:39.709775" level="INFO">${resp} = &lt;Response [404]&gt;</msg>
<msg time="2025-11-26T14:51:39.709797" level="INFO">${json} = {'detail': 'User not found'}</msg>
<var>${resp}</var>
<var>${json}</var>
<arg>nonexistent_user</arg>
<arg>${TEST_PASS}</arg>
<status status="PASS" start="2025-11-26T14:51:39.705641" elapsed="0.004168"/>
</kw>
<kw name="Should Be Equal As Numbers" owner="BuiltIn">
<msg time="2025-11-26T14:51:39.710984" level="INFO">Argument types are:
&lt;class 'int'&gt;
&lt;class 'str'&gt;</msg>
<arg>${resp.status_code}</arg>
<arg>404</arg>
<doc>Fails if objects are unequal after converting them to real numbers.</doc>
<status status="PASS" start="2025-11-26T14:51:39.709871" elapsed="0.001198"/>
</kw>
<kw name="Should Contain" owner="BuiltIn">
<arg>${json["detail"]}</arg>
<arg>User not found</arg>
<doc>Fails if ``container`` does not contain ``item`` one or more times.</doc>
<status status="PASS" start="2025-11-26T14:51:39.711132" elapsed="0.000576"/>
</kw>
<status status="PASS" start="2025-11-26T14:51:39.705294" elapsed="0.006474"/>
</test>
<test id="s1-s1-t13" name="Login Wrong Password" line="71">
<kw name="Login User">
<kw name="Create Dictionary" owner="BuiltIn">
<msg time="2025-11-26T14:51:39.712468" level="INFO">${payload} = {'username': 'testuser', 'password': 'WrongPassword123'}</msg>
<var>${payload}</var>
<arg>username=${username}</arg>
<arg>password=${password}</arg>
<doc>Creates and returns a dictionary based on the given ``items``.</doc>
<status status="PASS" start="2025-11-26T14:51:39.712328" elapsed="0.000154"/>
</kw>
<kw name="POST On Session" owner="RequestsLibrary">
<msg time="2025-11-26T14:51:39.793834" level="INFO">POST Request : url=http://localhost:8001/login 
 path_url=/login 
 headers={'User-Agent': 'python-requests/2.32.5', 'Accept-Encoding': 'gzip, deflate', 'Accept': '*/*', 'Connection': 'keep-alive', 'Content-Length': '56', 'Content-Type': 'application/json'} 
 body=b'{"username": "testuser", "password": "WrongPassword123"}' 
 </msg>
<msg time="2025-11-26T14:51:39.793895" level="INFO">POST Response : url=http://localhost:8001/login 
 status=401, reason=Unauthorized 
 headers={'date': 'Wed, 26 Nov 2025 09:21:39 GMT', 'server': 'uvicorn', 'content-length': '32', 'content-type': 'application/json'} 
 body={"detail":"Invalid credentials"} 
 </msg>
<msg time="2025-11-26T14:51:39.793978" level="INFO">${resp} = &lt;Response [401]&gt;</msg>
<var>${resp}</var>
<arg>api</arg>
<arg>/login</arg>
<arg>json=${payload}</arg>
<arg>expected_status=any</arg>
<doc>Sends a POST request on a previously created HTTP Session.</doc>
<status status="PASS" start="2025-11-26T14:51:39.712547" elapsed="0.081446"/>
</kw>
<kw name="Set Variable" owner="BuiltIn">
<msg time="2025-11-26T14:51:39.794464" level="INFO">${json} = {'detail': 'Invalid credentials'}</msg>
<var>${json}</var>
<arg>${resp.json()}</arg>
<doc>Returns the given values which can then be assigned to a variables.</doc>
<status status="PASS" start="2025-11-26T14:51:39.794095" elapsed="0.000384"/>
</kw>
<return>
<value>${resp}</value>
<value>${json}</value>
<status status="PASS" start="2025-11-26T14:51:39.794513" elapsed="0.000026"/>
</return>
<msg time="2025-11-26T14:51:39.794866" level="INFO">${resp} = &lt;Response [401]&gt;</msg>
<msg time="2025-11-26T14:51:39.794976" level="INFO">${json} = {'detail': 'Invalid credentials'}</msg>
<var>${resp}</var>
<var>${json}</var>
<arg>${TEST_USER}</arg>
<arg>WrongPassword123</arg>
<status status="PASS" start="2025-11-26T14:51:39.712153" elapsed="0.082839"/>
</kw>
<kw name="Should Be Equal As Numbers" owner="BuiltIn">
<msg time="2025-11-26T14:51:39.795312" level="INFO">Argument types are:
&lt;class 'int'&gt;
&lt;class 'str'&gt;</msg>
<arg>${resp.status_code}</arg>
<arg>401</arg>
<doc>Fails if objects are unequal after converting them to real numbers.</doc>
<status status="PASS" start="2025-11-26T14:51:39.795053" elapsed="0.000293"/>
</kw>
<kw name="Should Contain" owner="BuiltIn">
<arg>${json["detail"]}</arg>
<arg>Invalid credentials</arg>
<doc>Fails if ``container`` does not contain ``item`` one or more times.</doc>
<status status="PASS" start="2025-11-26T14:51:39.795401" elapsed="0.000248"/>
</kw>
<status status="PASS" start="2025-11-26T14:51:39.711932" elapsed="0.083779"/>
</test>
<test id="s1-s1-t14" name="Login Missing Username" line="76">
<kw name="Create Dictionary" owner="BuiltIn">
<msg time="2025-11-26T14:51:39.796118" level="INFO">${payload} = {'password': 'TestPass123'}</msg>
<var>${payload}</var>
<arg>password=${TEST_PASS}</arg>
<doc>Creates and returns a dictionary based on the given ``items``.</doc>
<status status="PASS" start="2025-11-26T14:51:39.795991" elapsed="0.000142"/>
</kw>
<kw name="POST On Session" owner="RequestsLibrary">
<msg time="2025-11-26T14:51:39.798981" level="INFO">POST Request : url=http://localhost:8001/login 
 path_url=/login 
 headers={'User-Agent': 'python-requests/2.32.5', 'Accept-Encoding': 'gzip, deflate', 'Accept': '*/*', 'Connection': 'keep-alive', 'Content-Length': '27', 'Content-Type': 'application/json'} 
 body=b'{"password": "TestPass123"}' 
 </msg>
<msg time="2025-11-26T14:51:39.799032" level="INFO">POST Response : url=http://localhost:8001/login 
 status=422, reason=Unprocessable Content 
 headers={'date': 'Wed, 26 Nov 2025 09:21:39 GMT', 'server': 'uvicorn', 'content-length': '115', 'content-type': 'application/json'} 
 body={"detail":[{"type":"missing","loc":["body","username"],"msg":"Field required","input":{"password":"TestPass123"}}]} 
 </msg>
<msg time="2025-11-26T14:51:39.799103" level="INFO">${resp} = &lt;Response [422]&gt;</msg>
<var>${resp}</var>
<arg>api</arg>
<arg>/login</arg>
<arg>json=${payload}</arg>
<arg>expected_status=any</arg>
<doc>Sends a POST request on a previously created HTTP Session.</doc>
<status status="PASS" start="2025-11-26T14:51:39.796323" elapsed="0.002796"/>
</kw>
<kw name="Should Be Equal As Numbers" owner="BuiltIn">
<msg time="2025-11-26T14:51:39.799531" level="INFO">Argument types are:
&lt;class 'int'&gt;
&lt;class 'str'&gt;</msg>
<arg>${resp.status_code}</arg>
<arg>422</arg>
<doc>Fails if objects are unequal after converting them to real numbers.</doc>
<status status="PASS" start="2025-11-26T14:51:39.799207" elapsed="0.000373"/>
</kw>
<status status="PASS" start="2025-11-26T14:51:39.795815" elapsed="0.003839"/>
</test>
<test id="s1-s1-t15" name="Login Missing Password" line="81">
<kw name="Create Dictionary" owner="BuiltIn">
<msg time="2025-11-26T14:51:39.800082" level="INFO">${payload} = {'username': 'testuser'}</msg>
<var>${payload}</var>
<arg>username=${TEST_USER}</arg>
<doc>Creates and returns a dictionary based on the given ``items``.</doc>
<status status="PASS" start="2025-11-26T14:51:39.799947" elapsed="0.000151"/>
</kw>
<kw name="POST On Session" owner="RequestsLibrary">
<msg time="2025-11-26T14:51:39.802256" level="INFO">POST Request : url=http://localhost:8001/login 
 path_url=/login 
 headers={'User-Agent': 'python-requests/2.32.5', 'Accept-Encoding': 'gzip, deflate', 'Accept': '*/*', 'Connection': 'keep-alive', 'Content-Length': '24', 'Content-Type': 'application/json'} 
 body=b'{"username": "testuser"}' 
 </msg>
<msg time="2025-11-26T14:51:39.802296" level="INFO">POST Response : url=http://localhost:8001/login 
 status=422, reason=Unprocessable Content 
 headers={'date': 'Wed, 26 Nov 2025 09:21:39 GMT', 'server': 'uvicorn', 'content-length': '112', 'content-type': 'application/json'} 
 body={"detail":[{"type":"missing","loc":["body","password"],"msg":"Field required","input":{"username":"testuser"}}]} 
 </msg>
<msg time="2025-11-26T14:51:39.802405" level="INFO">${resp} = &lt;Response [422]&gt;</msg>
<var>${resp}</var>
<arg>api</arg>
<arg>/login</arg>
<arg>json=${payload}</arg>
<arg>expected_status=any</arg>
<doc>Sends a POST request on a previously created HTTP Session.</doc>
<status status="PASS" start="2025-11-26T14:51:39.800150" elapsed="0.002269"/>
</kw>
<kw name="Should Be Equal As Numbers" owner="BuiltIn">
<msg time="2025-11-26T14:51:39.802801" level="INFO">Argument types are:
&lt;class 'int'&gt;
&lt;class 'str'&gt;</msg>
<arg>${resp.status_code}</arg>
<arg>422</arg>
<doc>Fails if objects are unequal after converting them to real numbers.</doc>
<status status="PASS" start="2025-11-26T14:51:39.802492" elapsed="0.000347"/>
</kw>
<status status="PASS" start="2025-11-26T14:51:39.799761" elapsed="0.003145"/>
</test>
<test id="s1-s1-t16" name="Login Empty Username" line="86">
<kw name="POST On Session" owner="RequestsLibrary">
<msg time="2025-11-26T14:51:39.805904" level="INFO">POST Request : url=http://localhost:8001/login 
 path_url=/login 
 headers={'User-Agent': 'python-requests/2.32.5', 'Accept-Encoding': 'gzip, deflate', 'Accept': '*/*', 'Connection': 'keep-alive', 'Content-Length': '2', 'Content-Type': 'application/json'} 
 body=b'""' 
 </msg>
<msg time="2025-11-26T14:51:39.805944" level="INFO">POST Response : url=http://localhost:8001/login 
 status=422, reason=Unprocessable Content 
 headers={'date': 'Wed, 26 Nov 2025 09:21:39 GMT', 'server': 'uvicorn', 'content-length': '147', 'content-type': 'application/json'} 
 body={"detail":[{"type":"model_attributes_type","loc":["body"],"msg":"Input should be a valid dictionary or object to extract fields from","input":""}]} 
 </msg>
<msg time="2025-11-26T14:51:39.806005" level="INFO">${resp} = &lt;Response [422]&gt;</msg>
<var>${resp}</var>
<arg>api</arg>
<arg>/login</arg>
<arg>json=${EMPTY}</arg>
<arg>expected_status=any</arg>
<doc>Sends a POST request on a previously created HTTP Session.</doc>
<status status="PASS" start="2025-11-26T14:51:39.803229" elapsed="0.002789"/>
</kw>
<kw name="Should Be Equal As Numbers" owner="BuiltIn">
<msg time="2025-11-26T14:51:39.806411" level="INFO">Argument types are:
&lt;class 'int'&gt;
&lt;class 'str'&gt;</msg>
<arg>${resp.status_code}</arg>
<arg>422</arg>
<doc>Fails if objects are unequal after converting them to real numbers.</doc>
<status status="PASS" start="2025-11-26T14:51:39.806098" elapsed="0.000455"/>
</kw>
<status status="PASS" start="2025-11-26T14:51:39.803075" elapsed="0.003646"/>
</test>
<test id="s1-s1-t17" name="Login Empty Password" line="90">
<kw name="Create Dictionary" owner="BuiltIn">
<msg time="2025-11-26T14:51:39.807451" level="INFO">${payload} = {'username': 'testuser', 'password': ''}</msg>
<var>${payload}</var>
<arg>username=${TEST_USER}</arg>
<arg>password=${EMPTY}</arg>
<doc>Creates and returns a dictionary based on the given ``items``.</doc>
<status status="PASS" start="2025-11-26T14:51:39.807018" elapsed="0.000450"/>
</kw>
<kw name="POST On Session" owner="RequestsLibrary">
<msg time="2025-11-26T14:51:39.885868" level="INFO">POST Request : url=http://localhost:8001/login 
 path_url=/login 
 headers={'User-Agent': 'python-requests/2.32.5', 'Accept-Encoding': 'gzip, deflate', 'Accept': '*/*', 'Connection': 'keep-alive', 'Content-Length': '40', 'Content-Type': 'application/json'} 
 body=b'{"username": "testuser", "password": ""}' 
 </msg>
<msg time="2025-11-26T14:51:39.885924" level="INFO">POST Response : url=http://localhost:8001/login 
 status=401, reason=Unauthorized 
 headers={'date': 'Wed, 26 Nov 2025 09:21:39 GMT', 'server': 'uvicorn', 'content-length': '32', 'content-type': 'application/json'} 
 body={"detail":"Invalid credentials"} 
 </msg>
<msg time="2025-11-26T14:51:39.886004" level="INFO">${resp} = &lt;Response [401]&gt;</msg>
<var>${resp}</var>
<arg>api</arg>
<arg>/login</arg>
<arg>json=${payload}</arg>
<arg>expected_status=any</arg>
<doc>Sends a POST request on a previously created HTTP Session.</doc>
<status status="PASS" start="2025-11-26T14:51:39.807590" elapsed="0.078430"/>
</kw>
<kw name="Should Be Equal As Numbers" owner="BuiltIn">
<msg time="2025-11-26T14:51:39.886615" level="INFO">Argument types are:
&lt;class 'int'&gt;
&lt;class 'str'&gt;</msg>
<msg time="2025-11-26T14:51:39.886687" level="FAIL">401.0 != 422.0</msg>
<arg>${resp.status_code}</arg>
<arg>422</arg>
<doc>Fails if objects are unequal after converting them to real numbers.</doc>
<status status="FAIL" start="2025-11-26T14:51:39.886138" elapsed="0.000600">401.0 != 422.0</status>
</kw>
<status status="FAIL" start="2025-11-26T14:51:39.806828" elapsed="0.080006">401.0 != 422.0</status>
</test>
<test id="s1-s1-t18" name="Login Invalid Username Type" line="95">
<kw name="Create Dictionary" owner="BuiltIn">
<msg time="2025-11-26T14:51:39.887300" level="INFO">${payload} = {'username': '12345', 'password': 'TestPass123'}</msg>
<var>${payload}</var>
<arg>username=12345</arg>
<arg>password=${TEST_PASS}</arg>
<doc>Creates and returns a dictionary based on the given ``items``.</doc>
<status status="PASS" start="2025-11-26T14:51:39.887138" elapsed="0.000180"/>
</kw>
<kw name="POST On Session" owner="RequestsLibrary">
<msg time="2025-11-26T14:51:39.951073" level="INFO">POST Request : url=http://localhost:8001/login 
 path_url=/login 
 headers={'User-Agent': 'python-requests/2.32.5', 'Accept-Encoding': 'gzip, deflate', 'Accept': '*/*', 'Connection': 'keep-alive', 'Content-Length': '48', 'Content-Type': 'application/json'} 
 body=b'{"username": "12345", "password": "TestPass123"}' 
 </msg>
<msg time="2025-11-26T14:51:39.951226" level="INFO">POST Response : url=http://localhost:8001/login 
 status=200, reason=OK 
 headers={'date': 'Wed, 26 Nov 2025 09:21:39 GMT', 'server': 'uvicorn', 'content-length': '30', 'content-type': 'application/json'} 
 body={"message":"Login successful"} 
 </msg>
<msg time="2025-11-26T14:51:39.951349" level="INFO">${resp} = &lt;Response [200]&gt;</msg>
<var>${resp}</var>
<arg>api</arg>
<arg>/login</arg>
<arg>json=${payload}</arg>
<arg>expected_status=any</arg>
<doc>Sends a POST request on a previously created HTTP Session.</doc>
<status status="PASS" start="2025-11-26T14:51:39.887383" elapsed="0.063984"/>
</kw>
<kw name="Should Be Equal As Numbers" owner="BuiltIn">
<msg time="2025-11-26T14:51:39.951911" level="INFO">Argument types are:
&lt;class 'int'&gt;
&lt;class 'str'&gt;</msg>
<msg time="2025-11-26T14:51:39.951991" level="FAIL">200.0 != 422.0</msg>
<arg>${resp.status_code}</arg>
<arg>422</arg>
<doc>Fails if objects are unequal after converting them to real numbers.</doc>
<status status="FAIL" start="2025-11-26T14:51:39.951526" elapsed="0.000511">200.0 != 422.0</status>
</kw>
<status status="FAIL" start="2025-11-26T14:51:39.886946" elapsed="0.065181">200.0 != 422.0</status>
</test>
<test id="s1-s1-t19" name="Login Invalid Password Type" line="100">
<kw name="Create Dictionary" owner="BuiltIn">
<msg time="2025-11-26T14:51:39.952672" level="INFO">${payload} = {'username': 'testuser', 'password': '12345'}</msg>
<var>${payload}</var>
<arg>username=${TEST_USER}</arg>
<arg>password=12345</arg>
<doc>Creates and returns a dictionary based on the given ``items``.</doc>
<status status="PASS" start="2025-11-26T14:51:39.952528" elapsed="0.000161"/>
</kw>
<kw name="POST On Session" owner="RequestsLibrary">
<msg time="2025-11-26T14:51:40.024548" level="INFO">POST Request : url=http://localhost:8001/login 
 path_url=/login 
 headers={'User-Agent': 'python-requests/2.32.5', 'Accept-Encoding': 'gzip, deflate', 'Accept': '*/*', 'Connection': 'keep-alive', 'Content-Length': '45', 'Content-Type': 'application/json'} 
 body=b'{"username": "testuser", "password": "12345"}' 
 </msg>
<msg time="2025-11-26T14:51:40.024605" level="INFO">POST Response : url=http://localhost:8001/login 
 status=401, reason=Unauthorized 
 headers={'date': 'Wed, 26 Nov 2025 09:21:39 GMT', 'server': 'uvicorn', 'content-length': '32', 'content-type': 'application/json'} 
 body={"detail":"Invalid credentials"} 
 </msg>
<msg time="2025-11-26T14:51:40.024685" level="INFO">${resp} = &lt;Response [401]&gt;</msg>
<var>${resp}</var>
<arg>api</arg>
<arg>/login</arg>
<arg>json=${payload}</arg>
<arg>expected_status=any</arg>
<doc>Sends a POST request on a previously created HTTP Session.</doc>
<status status="PASS" start="2025-11-26T14:51:39.952749" elapsed="0.071952"/>
</kw>
<kw name="Should Be Equal As Numbers" owner="BuiltIn">
<msg time="2025-11-26T14:51:40.025177" level="INFO">Argument types are:
&lt;class 'int'&gt;
&lt;class 'str'&gt;</msg>
<msg time="2025-11-26T14:51:40.025235" level="FAIL">401.0 != 422.0</msg>
<arg>${resp.status_code}</arg>
<arg>422</arg>
<doc>Fails if objects are unequal after converting them to real numbers.</doc>
<status status="FAIL" start="2025-11-26T14:51:40.024861" elapsed="0.000413">401.0 != 422.0</status>
</kw>
<status status="FAIL" start="2025-11-26T14:51:39.952244" elapsed="0.073113">401.0 != 422.0</status>
</test>
<status status="FAIL" start="2025-11-26T14:51:39.103930" elapsed="0.921722"/>
</suite>
<suite id="s1-s2" name="Raw Output1" source="/Users/nakshatra.g.int/Desktop/LlamaIndex/tests/raw_output1.robot">
<test id="s1-s2-t1" name="Login User With Valid Credentials" line="9">
<kw name="Create Session" owner="RequestsLibrary">
<msg time="2025-11-26T14:51:40.027355" level="INFO">Creating Session using : alias=api, url=http://localhost:8001, headers={},                     cookies={}, auth=None, timeout=None, proxies=None, verify=False,                     debug=0 </msg>
<arg>api</arg>
<arg>${API_URL}</arg>
<doc>Create Session: create a HTTP session to a server</doc>
<status status="PASS" start="2025-11-26T14:51:40.027259" elapsed="0.000233"/>
</kw>
<kw name="Create Dictionary" owner="BuiltIn">
<msg time="2025-11-26T14:51:40.027710" level="INFO">&amp;{user} = { username=valid_user | password=valid_password }</msg>
<var>&amp;{user}</var>
<arg>username=valid_user</arg>
<arg>password=valid_password</arg>
<doc>Creates and returns a dictionary based on the given ``items``.</doc>
<status status="PASS" start="2025-11-26T14:51:40.027567" elapsed="0.000160"/>
</kw>
<kw name="POST On Session" owner="RequestsLibrary">
<msg time="2025-11-26T14:51:40.027859" level="WARN">You might have an = symbol in url. You better place 'url=' before, example: 'url=/your-url/foo?param=a' or use '/your-url/foo  params=param=a' or escape it</msg>
<msg time="2025-11-26T14:51:40.027970" level="FAIL">TypeError: RequestsOnSessionKeywords.post_on_session() missing 1 required positional argument: 'url'</msg>
<var>${resp}</var>
<arg>api /login</arg>
<arg>json=${user}</arg>
<arg>expected_status=any</arg>
<doc>Sends a POST request on a previously created HTTP Session.</doc>
<status status="FAIL" start="2025-11-26T14:51:40.027785" elapsed="0.001161">TypeError: RequestsOnSessionKeywords.post_on_session() missing 1 required positional argument: 'url'</status>
</kw>
<kw name="Should Be Equal As Strings" owner="BuiltIn">
<arg>${resp.status_code}</arg>
<arg>200</arg>
<doc>Fails if objects are unequal after converting them to strings.</doc>
<status status="NOT RUN" start="2025-11-26T14:51:40.029036" elapsed="0.000013"/>
</kw>
<status status="FAIL" start="2025-11-26T14:51:40.027052" elapsed="0.002088">TypeError: RequestsOnSessionKeywords.post_on_session() missing 1 required positional argument: 'url'</status>
</test>
<test id="s1-s2-t2" name="Login User With Invalid Credentials" line="15">
<kw name="Create Session" owner="RequestsLibrary">
<msg time="2025-11-26T14:51:40.029889" level="INFO">Creating Session using : alias=api, url=http://localhost:8001, headers={},                     cookies={}, auth=None, timeout=None, proxies=None, verify=False,                     debug=0 </msg>
<arg>api</arg>
<arg>${API_URL}</arg>
<doc>Create Session: create a HTTP session to a server</doc>
<status status="PASS" start="2025-11-26T14:51:40.029778" elapsed="0.000193"/>
</kw>
<kw name="Create Dictionary" owner="BuiltIn">
<msg time="2025-11-26T14:51:40.030212" level="INFO">&amp;{user} = { username=invalid_user | password=invalid_password }</msg>
<var>&amp;{user}</var>
<arg>username=invalid_user</arg>
<arg>password=invalid_password</arg>
<doc>Creates and returns a dictionary based on the given ``items``.</doc>
<status status="PASS" start="2025-11-26T14:51:40.030089" elapsed="0.000137"/>
</kw>
<kw name="POST On Session" owner="RequestsLibrary">
<msg time="2025-11-26T14:51:40.030361" level="WARN">You might have an = symbol in url. You better place 'url=' before, example: 'url=/your-url/foo?param=a' or use '/your-url/foo  params=param=a' or escape it</msg>
<msg time="2025-11-26T14:51:40.030433" level="FAIL">TypeError: RequestsOnSessionKeywords.post_on_session() missing 1 required positional argument: 'url'</msg>
<var>${resp}</var>
<arg>api /login</arg>
<arg>json=${user}</arg>
<arg>expected_status=any</arg>
<doc>Sends a POST request on a previously created HTTP Session.</doc>
<status status="FAIL" start="2025-11-26T14:51:40.030286" elapsed="0.000336">TypeError: RequestsOnSessionKeywords.post_on_session() missing 1 required positional argument: 'url'</status>
</kw>
<kw name="Should Be Equal As Strings" owner="BuiltIn">
<arg>${resp.status_code}</arg>
<arg>401</arg>
<doc>Fails if objects are unequal after converting them to strings.</doc>
<status status="NOT RUN" start="2025-11-26T14:51:40.030711" elapsed="0.000071"/>
</kw>
<status status="FAIL" start="2025-11-26T14:51:40.029236" elapsed="0.001751">TypeError: RequestsOnSessionKeywords.post_on_session() missing 1 required positional argument: 'url'</status>
</test>
<test id="s1-s2-t3" name="Signup User With Valid Credentials" line="21">
<kw name="Create Session" owner="RequestsLibrary">
<msg time="2025-11-26T14:51:40.031344" level="INFO">Creating Session using : alias=api, url=http://localhost:8001, headers={},                     cookies={}, auth=None, timeout=None, proxies=None, verify=False,                     debug=0 </msg>
<arg>api</arg>
<arg>${API_URL}</arg>
<doc>Create Session: create a HTTP session to a server</doc>
<status status="PASS" start="2025-11-26T14:51:40.031268" elapsed="0.000162"/>
</kw>
<kw name="Create Dictionary" owner="BuiltIn">
<msg time="2025-11-26T14:51:40.031713" level="INFO">&amp;{user} = { username=new_user | password=new_password }</msg>
<var>&amp;{user}</var>
<arg>username=new_user</arg>
<arg>password=new_password</arg>
<doc>Creates and returns a dictionary based on the given ``items``.</doc>
<status status="PASS" start="2025-11-26T14:51:40.031494" elapsed="0.000238"/>
</kw>
<kw name="POST On Session" owner="RequestsLibrary">
<msg time="2025-11-26T14:51:40.031901" level="WARN">You might have an = symbol in url. You better place 'url=' before, example: 'url=/your-url/foo?param=a' or use '/your-url/foo  params=param=a' or escape it</msg>
<msg time="2025-11-26T14:51:40.031965" level="FAIL">TypeError: RequestsOnSessionKeywords.post_on_session() missing 1 required positional argument: 'url'</msg>
<var>${resp}</var>
<arg>api /signup</arg>
<arg>json=${user}</arg>
<arg>expected_status=any</arg>
<doc>Sends a POST request on a previously created HTTP Session.</doc>
<status status="FAIL" start="2025-11-26T14:51:40.031791" elapsed="0.000322">TypeError: RequestsOnSessionKeywords.post_on_session() missing 1 required positional argument: 'url'</status>
</kw>
<kw name="Should Be Equal As Strings" owner="BuiltIn">
<arg>${resp.status_code}</arg>
<arg>200</arg>
<doc>Fails if objects are unequal after converting them to strings.</doc>
<status status="NOT RUN" start="2025-11-26T14:51:40.032178" elapsed="0.000012"/>
</kw>
<status status="FAIL" start="2025-11-26T14:51:40.031085" elapsed="0.001173">TypeError: RequestsOnSessionKeywords.post_on_session() missing 1 required positional argument: 'url'</status>
</test>
<test id="s1-s2-t4" name="Signup User With Existing Username" line="27">
<kw name="Create Session" owner="RequestsLibrary">
<msg time="2025-11-26T14:51:40.032639" level="INFO">Creating Session using : alias=api, url=http://localhost:8001, headers={},                     cookies={}, auth=None, timeout=None, proxies=None, verify=False,                     debug=0 </msg>
<arg>api</arg>
<arg>${API_URL}</arg>
<doc>Create Session: create a HTTP session to a server</doc>
<status status="PASS" start="2025-11-26T14:51:40.032570" elapsed="0.000135"/>
</kw>
<kw name="Create Dictionary" owner="BuiltIn">
<msg time="2025-11-26T14:51:40.032867" level="INFO">&amp;{user} = { username=new_user | password=new_password }</msg>
<var>&amp;{user}</var>
<arg>username=new_user</arg>
<arg>password=new_password</arg>
<doc>Creates and returns a dictionary based on the given ``items``.</doc>
<status status="PASS" start="2025-11-26T14:51:40.032762" elapsed="0.000168"/>
</kw>
<kw name="POST On Session" owner="RequestsLibrary">
<msg time="2025-11-26T14:51:40.033057" level="WARN">You might have an = symbol in url. You better place 'url=' before, example: 'url=/your-url/foo?param=a' or use '/your-url/foo  params=param=a' or escape it</msg>
<msg time="2025-11-26T14:51:40.033115" level="FAIL">TypeError: RequestsOnSessionKeywords.post_on_session() missing 1 required positional argument: 'url'</msg>
<arg>api /signup</arg>
<arg>json=${user}</arg>
<arg>expected_status=any</arg>
<doc>Sends a POST request on a previously created HTTP Session.</doc>
<status status="FAIL" start="2025-11-26T14:51:40.032984" elapsed="0.000258">TypeError: RequestsOnSessionKeywords.post_on_session() missing 1 required positional argument: 'url'</status>
</kw>
<kw name="Sleep" owner="BuiltIn">
<arg>1s</arg>
<doc>Pauses the test executed for the given time.</doc>
<status status="NOT RUN" start="2025-11-26T14:51:40.033298" elapsed="0.000011"/>
</kw>
<kw name="POST On Session" owner="RequestsLibrary">
<var>${resp}</var>
<arg>api /signup</arg>
<arg>json=${user}</arg>
<arg>expected_status=any</arg>
<doc>Sends a POST request on a previously created HTTP Session.</doc>
<status status="NOT RUN" start="2025-11-26T14:51:40.033353" elapsed="0.000010"/>
</kw>
<kw name="Should Be Equal As Strings" owner="BuiltIn">
<arg>${resp.status_code}</arg>
<arg>400</arg>
<doc>Fails if objects are unequal after converting them to strings.</doc>
<status status="NOT RUN" start="2025-11-26T14:51:40.033408" elapsed="0.000009"/>
</kw>
<status status="FAIL" start="2025-11-26T14:51:40.032344" elapsed="0.001137">TypeError: RequestsOnSessionKeywords.post_on_session() missing 1 required positional argument: 'url'</status>
</test>
<test id="s1-s2-t5" name="Signup User With Empty Username" line="35">
<kw name="Create Session" owner="RequestsLibrary">
<msg time="2025-11-26T14:51:40.033837" level="INFO">Creating Session using : alias=api, url=http://localhost:8001, headers={},                     cookies={}, auth=None, timeout=None, proxies=None, verify=False,                     debug=0 </msg>
<arg>api</arg>
<arg>${API_URL}</arg>
<doc>Create Session: create a HTTP session to a server</doc>
<status status="PASS" start="2025-11-26T14:51:40.033758" elapsed="0.000154"/>
</kw>
<kw name="Create Dictionary" owner="BuiltIn">
<msg time="2025-11-26T14:51:40.034136" level="INFO">&amp;{user} = { username= | password=new_password }</msg>
<var>&amp;{user}</var>
<arg>username=</arg>
<arg>password=new_password</arg>
<doc>Creates and returns a dictionary based on the given ``items``.</doc>
<status status="PASS" start="2025-11-26T14:51:40.033969" elapsed="0.000200"/>
</kw>
<kw name="POST On Session" owner="RequestsLibrary">
<msg time="2025-11-26T14:51:40.034354" level="WARN">You might have an = symbol in url. You better place 'url=' before, example: 'url=/your-url/foo?param=a' or use '/your-url/foo  params=param=a' or escape it</msg>
<msg time="2025-11-26T14:51:40.034428" level="FAIL">TypeError: RequestsOnSessionKeywords.post_on_session() missing 1 required positional argument: 'url'</msg>
<var>${resp}</var>
<arg>api /signup</arg>
<arg>json=${user}</arg>
<arg>expected_status=any</arg>
<doc>Sends a POST request on a previously created HTTP Session.</doc>
<status status="FAIL" start="2025-11-26T14:51:40.034248" elapsed="0.000350">TypeError: RequestsOnSessionKeywords.post_on_session() missing 1 required positional argument: 'url'</status>
</kw>
<kw name="Should Be Equal As Strings" owner="BuiltIn">
<arg>${resp.status_code}</arg>
<arg>400</arg>
<doc>Fails if objects are unequal after converting them to strings.</doc>
<status status="NOT RUN" start="2025-11-26T14:51:40.034700" elapsed="0.000012"/>
</kw>
<status status="FAIL" start="2025-11-26T14:51:40.033603" elapsed="0.001176">TypeError: RequestsOnSessionKeywords.post_on_session() missing 1 required positional argument: 'url'</status>
</test>
<test id="s1-s2-t6" name="Signup User With Empty Password" line="41">
<kw name="Create Session" owner="RequestsLibrary">
<msg time="2025-11-26T14:51:40.035109" level="INFO">Creating Session using : alias=api, url=http://localhost:8001, headers={},                     cookies={}, auth=None, timeout=None, proxies=None, verify=False,                     debug=0 </msg>
<arg>api</arg>
<arg>${API_URL}</arg>
<doc>Create Session: create a HTTP session to a server</doc>
<status status="PASS" start="2025-11-26T14:51:40.035030" elapsed="0.000160"/>
</kw>
<kw name="Create Dictionary" owner="BuiltIn">
<msg time="2025-11-26T14:51:40.035356" level="INFO">&amp;{user} = { username=new_user | password= }</msg>
<var>&amp;{user}</var>
<arg>username=new_user</arg>
<arg>password=</arg>
<doc>Creates and returns a dictionary based on the given ``items``.</doc>
<status status="PASS" start="2025-11-26T14:51:40.035251" elapsed="0.000118"/>
</kw>
<kw name="POST On Session" owner="RequestsLibrary">
<msg time="2025-11-26T14:51:40.035483" level="WARN">You might have an = symbol in url. You better place 'url=' before, example: 'url=/your-url/foo?param=a' or use '/your-url/foo  params=param=a' or escape it</msg>
<msg time="2025-11-26T14:51:40.035568" level="FAIL">TypeError: RequestsOnSessionKeywords.post_on_session() missing 1 required positional argument: 'url'</msg>
<var>${resp}</var>
<arg>api /signup</arg>
<arg>json=${user}</arg>
<arg>expected_status=any</arg>
<doc>Sends a POST request on a previously created HTTP Session.</doc>
<status status="FAIL" start="2025-11-26T14:51:40.035413" elapsed="0.000364">TypeError: RequestsOnSessionKeywords.post_on_session() missing 1 required positional argument: 'url'</status>
</kw>
<kw name="Should Be Equal As Strings" owner="BuiltIn">
<arg>${resp.status_code}</arg>
<arg>400</arg>
<doc>Fails if objects are unequal after converting them to strings.</doc>
<status status="NOT RUN" start="2025-11-26T14:51:40.035843" elapsed="0.000010"/>
</kw>
<status status="FAIL" start="2025-11-26T14:51:40.034872" elapsed="0.001130">TypeError: RequestsOnSessionKeywords.post_on_session() missing 1 required positional argument: 'url'</status>
</test>
<test id="s1-s2-t7" name="Login User With Empty Username" line="47">
<kw name="Create Session" owner="RequestsLibrary">
<msg time="2025-11-26T14:51:40.036867" level="INFO">Creating Session using : alias=api, url=http://localhost:8001, headers={},                     cookies={}, auth=None, timeout=None, proxies=None, verify=False,                     debug=0 </msg>
<arg>api</arg>
<arg>${API_URL}</arg>
<doc>Create Session: create a HTTP session to a server</doc>
<status status="PASS" start="2025-11-26T14:51:40.036275" elapsed="0.000677"/>
</kw>
<kw name="Create Dictionary" owner="BuiltIn">
<msg time="2025-11-26T14:51:40.037135" level="INFO">&amp;{user} = { username= | password=new_password }</msg>
<var>&amp;{user}</var>
<arg>username=</arg>
<arg>password=new_password</arg>
<doc>Creates and returns a dictionary based on the given ``items``.</doc>
<status status="PASS" start="2025-11-26T14:51:40.037021" elapsed="0.000128"/>
</kw>
<kw name="POST On Session" owner="RequestsLibrary">
<msg time="2025-11-26T14:51:40.037291" level="WARN">You might have an = symbol in url. You better place 'url=' before, example: 'url=/your-url/foo?param=a' or use '/your-url/foo  params=param=a' or escape it</msg>
<msg time="2025-11-26T14:51:40.037358" level="FAIL">TypeError: RequestsOnSessionKeywords.post_on_session() missing 1 required positional argument: 'url'</msg>
<var>${resp}</var>
<arg>api /login</arg>
<arg>json=${user}</arg>
<arg>expected_status=any</arg>
<doc>Sends a POST request on a previously created HTTP Session.</doc>
<status status="FAIL" start="2025-11-26T14:51:40.037215" elapsed="0.000307">TypeError: RequestsOnSessionKeywords.post_on_session() missing 1 required positional argument: 'url'</status>
</kw>
<kw name="Should Be Equal As Strings" owner="BuiltIn">
<arg>${resp.status_code}</arg>
<arg>401</arg>
<doc>Fails if objects are unequal after converting them to strings.</doc>
<status status="NOT RUN" start="2025-11-26T14:51:40.037581" elapsed="0.000011"/>
</kw>
<status status="FAIL" start="2025-11-26T14:51:40.036108" elapsed="0.001594">TypeError: RequestsOnSessionKeywords.post_on_session() missing 1 required positional argument: 'url'</status>
</test>
<test id="s1-s2-t8" name="Login User With Empty Password" line="53">
<kw name="Create Session" owner="RequestsLibrary">
<msg time="2025-11-26T14:51:40.037992" level="INFO">Creating Session using : alias=api, url=http://localhost:8001, headers={},                     cookies={}, auth=None, timeout=None, proxies=None, verify=False,                     debug=0 </msg>
<arg>api</arg>
<arg>${API_URL}</arg>
<doc>Create Session: create a HTTP session to a server</doc>
<status status="PASS" start="2025-11-26T14:51:40.037931" elapsed="0.000128"/>
</kw>
<kw name="Create Dictionary" owner="BuiltIn">
<msg time="2025-11-26T14:51:40.038240" level="INFO">&amp;{user} = { username=new_user | password= }</msg>
<var>&amp;{user}</var>
<arg>username=new_user</arg>
<arg>password=</arg>
<doc>Creates and returns a dictionary based on the given ``items``.</doc>
<status status="PASS" start="2025-11-26T14:51:40.038133" elapsed="0.000128"/>
</kw>
<kw name="POST On Session" owner="RequestsLibrary">
<msg time="2025-11-26T14:51:40.038381" level="WARN">You might have an = symbol in url. You better place 'url=' before, example: 'url=/your-url/foo?param=a' or use '/your-url/foo  params=param=a' or escape it</msg>
<msg time="2025-11-26T14:51:40.038433" level="FAIL">TypeError: RequestsOnSessionKeywords.post_on_session() missing 1 required positional argument: 'url'</msg>
<var>${resp}</var>
<arg>api /login</arg>
<arg>json=${user}</arg>
<arg>expected_status=any</arg>
<doc>Sends a POST request on a previously created HTTP Session.</doc>
<status status="FAIL" start="2025-11-26T14:51:40.038314" elapsed="0.000234">TypeError: RequestsOnSessionKeywords.post_on_session() missing 1 required positional argument: 'url'</status>
</kw>
<kw name="Should Be Equal As Strings" owner="BuiltIn">
<arg>${resp.status_code}</arg>
<arg>401</arg>
<doc>Fails if objects are unequal after converting them to strings.</doc>
<status status="NOT RUN" start="2025-11-26T14:51:40.038604" elapsed="0.000010"/>
</kw>
<status status="FAIL" start="2025-11-26T14:51:40.037787" elapsed="0.000938">TypeError: RequestsOnSessionKeywords.post_on_session() missing 1 required positional argument: 'url'</status>
</test>
<test id="s1-s2-t9" name="Login User With Invalid Username" line="59">
<kw name="Create Session" owner="RequestsLibrary">
<msg time="2025-11-26T14:51:40.039044" level="INFO">Creating Session using : alias=api, url=http://localhost:8001, headers={},                     cookies={}, auth=None, timeout=None, proxies=None, verify=False,                     debug=0 </msg>
<arg>api</arg>
<arg>${API_URL}</arg>
<doc>Create Session: create a HTTP session to a server</doc>
<status status="PASS" start="2025-11-26T14:51:40.038979" elapsed="0.000125"/>
</kw>
<kw name="Create Dictionary" owner="BuiltIn">
<msg time="2025-11-26T14:51:40.039264" level="INFO">&amp;{user} = { username=new_user | password=new_password }</msg>
<var>&amp;{user}</var>
<arg>username=new_user</arg>
<arg>password=new_password</arg>
<doc>Creates and returns a dictionary based on the given ``items``.</doc>
<status status="PASS" start="2025-11-26T14:51:40.039162" elapsed="0.000115"/>
</kw>
<kw name="POST On Session" owner="RequestsLibrary">
<msg time="2025-11-26T14:51:40.039388" level="WARN">You might have an = symbol in url. You better place 'url=' before, example: 'url=/your-url/foo?param=a' or use '/your-url/foo  params=param=a' or escape it</msg>
<msg time="2025-11-26T14:51:40.039441" level="FAIL">TypeError: RequestsOnSessionKeywords.post_on_session() missing 1 required positional argument: 'url'</msg>
<var>${resp}</var>
<arg>api /login</arg>
<arg>json=${user}</arg>
<arg>expected_status=any</arg>
<doc>Sends a POST request on a previously created HTTP Session.</doc>
<status status="FAIL" start="2025-11-26T14:51:40.039323" elapsed="0.000267">TypeError: RequestsOnSessionKeywords.post_on_session() missing 1 required positional argument: 'url'</status>
</kw>
<kw name="Should Be Equal As Strings" owner="BuiltIn">
<arg>${resp.status_code}</arg>
<arg>404</arg>
<doc>Fails if objects are unequal after converting them to strings.</doc>
<status status="NOT RUN" start="2025-11-26T14:51:40.039646" elapsed="0.000021"/>
</kw>
<status status="FAIL" start="2025-11-26T14:51:40.038805" elapsed="0.000933">TypeError: RequestsOnSessionKeywords.post_on_session() missing 1 required positional argument: 'url'</status>
</test>
<test id="s1-s2-t10" name="Login User With Invalid Password" line="65">
<kw name="Create Session" owner="RequestsLibrary">
<msg time="2025-11-26T14:51:40.040057" level="INFO">Creating Session using : alias=api, url=http://localhost:8001, headers={},                     cookies={}, auth=None, timeout=None, proxies=None, verify=False,                     debug=0 </msg>
<arg>api</arg>
<arg>${API_URL}</arg>
<doc>Create Session: create a HTTP session to a server</doc>
<status status="PASS" start="2025-11-26T14:51:40.039992" elapsed="0.000127"/>
</kw>
<kw name="Create Dictionary" owner="BuiltIn">
<msg time="2025-11-26T14:51:40.040277" level="INFO">&amp;{user} = { username=new_user | password=new_password }</msg>
<var>&amp;{user}</var>
<arg>username=new_user</arg>
<arg>password=new_password</arg>
<doc>Creates and returns a dictionary based on the given ``items``.</doc>
<status status="PASS" start="2025-11-26T14:51:40.040172" elapsed="0.000119"/>
</kw>
<kw name="POST On Session" owner="RequestsLibrary">
<msg time="2025-11-26T14:51:40.040452" level="WARN">You might have an = symbol in url. You better place 'url=' before, example: 'url=/your-url/foo?param=a' or use '/your-url/foo  params=param=a' or escape it</msg>
<msg time="2025-11-26T14:51:40.040506" level="FAIL">TypeError: RequestsOnSessionKeywords.post_on_session() missing 1 required positional argument: 'url'</msg>
<arg>api /login</arg>
<arg>json=${user}</arg>
<arg>expected_status=any</arg>
<doc>Sends a POST request on a previously created HTTP Session.</doc>
<status status="FAIL" start="2025-11-26T14:51:40.040351" elapsed="0.000296">TypeError: RequestsOnSessionKeywords.post_on_session() missing 1 required positional argument: 'url'</status>
</kw>
<kw name="Sleep" owner="BuiltIn">
<arg>1s</arg>
<doc>Pauses the test executed for the given time.</doc>
<status status="NOT RUN" start="2025-11-26T14:51:40.040699" elapsed="0.000010"/>
</kw>
<kw name="POST On Session" owner="RequestsLibrary">
<var>${resp}</var>
<arg>api /login</arg>
<arg>json=${user}</arg>
<arg>expected_status=any</arg>
<doc>Sends a POST request on a previously created HTTP Session.</doc>
<status status="NOT RUN" start="2025-11-26T14:51:40.040748" elapsed="0.000009"/>
</kw>
<kw name="Should Be Equal As Strings" owner="BuiltIn">
<arg>${resp.status_code}</arg>
<arg>401</arg>
<doc>Fails if objects are unequal after converting them to strings.</doc>
<status status="NOT RUN" start="2025-11-26T14:51:40.040799" elapsed="0.000009"/>
</kw>
<status status="FAIL" start="2025-11-26T14:51:40.039839" elapsed="0.001031">TypeError: RequestsOnSessionKeywords.post_on_session() missing 1 required positional argument: 'url'</status>
</test>
<test id="s1-s2-t11" name="```" line="73">
<status status="FAIL" start="2025-11-26T14:51:40.040986" elapsed="0.000144">Test cannot be empty.</status>
</test>
<status status="FAIL" start="2025-11-26T14:51:40.026152" elapsed="0.015249"/>
</suite>
<suite id="s1-s3" name="Raw Output2" source="/Users/nakshatra.g.int/Desktop/LlamaIndex/tests/raw_output2.robot">
<test id="s1-s3-t1" name="Successful Signup" line="11">
<kw name="Create Session" owner="RequestsLibrary">
<msg time="2025-11-26T14:51:40.047544" level="INFO">Creating Session using : alias=api, url=http://localhost:8001, headers={},                     cookies={}, auth=None, timeout=None, proxies=None, verify=False,                     debug=0 </msg>
<arg>api</arg>
<arg>${API_URL}</arg>
<doc>Create Session: create a HTTP session to a server</doc>
<status status="PASS" start="2025-11-26T14:51:40.047445" elapsed="0.000195"/>
</kw>
<kw name="Create Dictionary" owner="BuiltIn">
<msg time="2025-11-26T14:51:40.047914" level="INFO">${payload} = {'username': 'testuser', 'password': 'TestPass123'}</msg>
<var>${payload}</var>
<arg>username=${VALID_USERNAME}</arg>
<arg>password=${VALID_PASSWORD}</arg>
<doc>Creates and returns a dictionary based on the given ``items``.</doc>
<status status="PASS" start="2025-11-26T14:51:40.047765" elapsed="0.000163"/>
</kw>
<kw name="POST On Session" owner="RequestsLibrary">
<msg time="2025-11-26T14:51:40.051394" level="INFO">POST Request : url=http://localhost:8001/signup 
 path_url=/signup 
 headers={'User-Agent': 'python-requests/2.32.5', 'Accept-Encoding': 'gzip, deflate', 'Accept': '*/*', 'Connection': 'keep-alive', 'Content-Length': '51', 'Content-Type': 'application/json'} 
 body=b'{"username": "testuser", "password": "TestPass123"}' 
 </msg>
<msg time="2025-11-26T14:51:40.051440" level="INFO">POST Response : url=http://localhost:8001/signup 
 status=400, reason=Bad Request 
 headers={'date': 'Wed, 26 Nov 2025 09:21:40 GMT', 'server': 'uvicorn', 'content-length': '32', 'content-type': 'application/json'} 
 body={"detail":"User already exists"} 
 </msg>
<msg time="2025-11-26T14:51:40.051518" level="INFO">${resp} = &lt;Response [400]&gt;</msg>
<var>${resp}</var>
<arg>api</arg>
<arg>/signup</arg>
<arg>json=${payload}</arg>
<arg>expected_status=any</arg>
<doc>Sends a POST request on a previously created HTTP Session.</doc>
<status status="PASS" start="2025-11-26T14:51:40.047980" elapsed="0.003553"/>
</kw>
<kw name="Should Be Equal As Numbers" owner="BuiltIn">
<msg time="2025-11-26T14:51:40.051944" level="INFO">Argument types are:
&lt;class 'int'&gt;
&lt;class 'str'&gt;</msg>
<msg time="2025-11-26T14:51:40.052005" level="FAIL">400.0 != 200.0</msg>
<arg>${resp.status_code}</arg>
<arg>200</arg>
<doc>Fails if objects are unequal after converting them to real numbers.</doc>
<status status="FAIL" start="2025-11-26T14:51:40.051631" elapsed="0.000417">400.0 != 200.0</status>
</kw>
<kw name="Set Variable" owner="BuiltIn">
<var>${json}</var>
<arg>${resp.json()}</arg>
<doc>Returns the given values which can then be assigned to a variables.</doc>
<status status="NOT RUN" start="2025-11-26T14:51:40.052116" elapsed="0.000011"/>
</kw>
<kw name="Dictionary Should Contain Key" owner="Collections">
<arg>${json}</arg>
<arg>message</arg>
<doc>Fails if ``key`` is not found from ``dictionary``.</doc>
<status status="NOT RUN" start="2025-11-26T14:51:40.052175" elapsed="0.000010"/>
</kw>
<kw name="Should Be Equal" owner="BuiltIn">
<arg>${json['message']}</arg>
<arg>User created successfully</arg>
<doc>Fails if the given objects are unequal.</doc>
<status status="NOT RUN" start="2025-11-26T14:51:40.052231" elapsed="0.000009"/>
</kw>
<doc>Sign up a new user successfully</doc>
<status status="FAIL" start="2025-11-26T14:51:40.047198" elapsed="0.005120">400.0 != 200.0</status>
</test>
<test id="s1-s3-t2" name="Duplicate Signup" line="21">
<kw name="Create Session" owner="RequestsLibrary">
<msg time="2025-11-26T14:51:40.052691" level="INFO">Creating Session using : alias=api, url=http://localhost:8001, headers={},                     cookies={}, auth=None, timeout=None, proxies=None, verify=False,                     debug=0 </msg>
<arg>api</arg>
<arg>${API_URL}</arg>
<doc>Create Session: create a HTTP session to a server</doc>
<status status="PASS" start="2025-11-26T14:51:40.052619" elapsed="0.000163"/>
</kw>
<kw name="Create Dictionary" owner="BuiltIn">
<msg time="2025-11-26T14:51:40.052991" level="INFO">${payload} = {'username': 'testuser', 'password': 'TestPass123'}</msg>
<var>${payload}</var>
<arg>username=${VALID_USERNAME}</arg>
<arg>password=${VALID_PASSWORD}</arg>
<doc>Creates and returns a dictionary based on the given ``items``.</doc>
<status status="PASS" start="2025-11-26T14:51:40.052842" elapsed="0.000163"/>
</kw>
<kw name="POST On Session" owner="RequestsLibrary">
<msg time="2025-11-26T14:51:40.055925" level="INFO">POST Request : url=http://localhost:8001/signup 
 path_url=/signup 
 headers={'User-Agent': 'python-requests/2.32.5', 'Accept-Encoding': 'gzip, deflate', 'Accept': '*/*', 'Connection': 'keep-alive', 'Content-Length': '51', 'Content-Type': 'application/json'} 
 body=b'{"username": "testuser", "password": "TestPass123"}' 
 </msg>
<msg time="2025-11-26T14:51:40.055968" level="INFO">POST Response : url=http://localhost:8001/signup 
 status=400, reason=Bad Request 
 headers={'date': 'Wed, 26 Nov 2025 09:21:40 GMT', 'server': 'uvicorn', 'content-length': '32', 'content-type': 'application/json'} 
 body={"detail":"User already exists"} 
 </msg>
<msg time="2025-11-26T14:51:40.056034" level="INFO">${resp} = &lt;Response [400]&gt;</msg>
<var>${resp}</var>
<arg>api</arg>
<arg>/signup</arg>
<arg>json=${payload}</arg>
<arg>expected_status=any</arg>
<doc>Sends a POST request on a previously created HTTP Session.</doc>
<status status="PASS" start="2025-11-26T14:51:40.053058" elapsed="0.002998"/>
</kw>
<kw name="Should Be Equal As Numbers" owner="BuiltIn">
<msg time="2025-11-26T14:51:40.056428" level="INFO">Argument types are:
&lt;class 'int'&gt;
&lt;class 'str'&gt;</msg>
<arg>${resp.status_code}</arg>
<arg>400</arg>
<doc>Fails if objects are unequal after converting them to real numbers.</doc>
<status status="PASS" start="2025-11-26T14:51:40.056142" elapsed="0.000317"/>
</kw>
<kw name="Set Variable" owner="BuiltIn">
<msg time="2025-11-26T14:51:40.056760" level="INFO">${json} = {'detail': 'User already exists'}</msg>
<var>${json}</var>
<arg>${resp.json()}</arg>
<doc>Returns the given values which can then be assigned to a variables.</doc>
<status status="PASS" start="2025-11-26T14:51:40.056516" elapsed="0.000257"/>
</kw>
<kw name="Dictionary Should Contain Key" owner="Collections">
<arg>${json}</arg>
<arg>detail</arg>
<doc>Fails if ``key`` is not found from ``dictionary``.</doc>
<status status="PASS" start="2025-11-26T14:51:40.056822" elapsed="0.000076"/>
</kw>
[...]
 body=b'{"username": "testuser", "password": "TestPass123!"}' 
 </msg>
<msg time="2025-11-26T14:51:42.539785" level="INFO">POST Response : url=http://localhost:8001/signup 
 status=400, reason=Bad Request 
 headers={'date': 'Wed, 26 Nov 2025 09:21:42 GMT', 'server': 'uvicorn', 'content-length': '32', 'content-type': 'application/json'} 
 body={"detail":"User already exists"} 
 </msg>
<msg time="2025-11-26T14:51:42.539968" level="INFO">${_} = &lt;Response [400]&gt;</msg>
<var>${_}</var>
<arg>api</arg>
<arg>/signup</arg>
<arg>json=${payload}</arg>
<arg>expected_status=any</arg>
<doc>Sends a POST request on a previously created HTTP Session.</doc>
<status status="PASS" start="2025-11-26T14:51:42.484664" elapsed="0.055338"/>
</kw>
<kw name="Create Dictionary" owner="BuiltIn">
<msg time="2025-11-26T14:51:42.540428" level="INFO">${login_payload} = {'username': 'testuser', 'password': 'WrongPass123'}</msg>
<var>${login_payload}</var>
<arg>username=${VALID_USERNAME}</arg>
<arg>password=WrongPass123</arg>
<doc>Creates and returns a dictionary based on the given ``items``.</doc>
<status status="PASS" start="2025-11-26T14:51:42.540218" elapsed="0.000229"/>
</kw>
<kw name="POST On Session" owner="RequestsLibrary">
<msg time="2025-11-26T14:51:42.630346" level="INFO">POST Request : url=http://localhost:8001/login 
 path_url=/login 
 headers={'User-Agent': 'python-requests/2.32.5', 'Accept-Encoding': 'gzip, deflate', 'Accept': '*/*', 'Connection': 'keep-alive', 'Content-Length': '52', 'Content-Type': 'application/json'} 
 body=b'{"username": "testuser", "password": "WrongPass123"}' 
 </msg>
<msg time="2025-11-26T14:51:42.630400" level="INFO">POST Response : url=http://localhost:8001/login 
 status=401, reason=Unauthorized 
 headers={'date': 'Wed, 26 Nov 2025 09:21:42 GMT', 'server': 'uvicorn', 'content-length': '32', 'content-type': 'application/json'} 
 body={"detail":"Invalid credentials"} 
 </msg>
<msg time="2025-11-26T14:51:42.630478" level="INFO">${resp} = &lt;Response [401]&gt;</msg>
<var>${resp}</var>
<arg>api</arg>
<arg>/login</arg>
<arg>json=${login_payload}</arg>
<arg>expected_status=any</arg>
<doc>Sends a POST request on a previously created HTTP Session.</doc>
<status status="PASS" start="2025-11-26T14:51:42.540510" elapsed="0.089983"/>
</kw>
<kw name="Should Be Equal As Numbers" owner="BuiltIn">
<msg time="2025-11-26T14:51:42.630936" level="INFO">Argument types are:
&lt;class 'int'&gt;
&lt;class 'str'&gt;</msg>
<arg>${resp.status_code}</arg>
<arg>401</arg>
<doc>Fails if objects are unequal after converting them to real numbers.</doc>
<status status="PASS" start="2025-11-26T14:51:42.630587" elapsed="0.000389"/>
</kw>
<kw name="Set Variable" owner="BuiltIn">
<msg time="2025-11-26T14:51:42.631338" level="INFO">${json} = {'detail': 'Invalid credentials'}</msg>
<var>${json}</var>
<arg>${resp.json()}</arg>
<doc>Returns the given values which can then be assigned to a variables.</doc>
<status status="PASS" start="2025-11-26T14:51:42.631042" elapsed="0.000310"/>
</kw>
<kw name="Dictionary Should Contain Key">
<msg time="2025-11-26T14:51:42.632013" level="FAIL">No keyword with name 'Dictionary Should Contain Key' found.</msg>
<arg>${json}</arg>
<arg>detail</arg>
<status status="FAIL" start="2025-11-26T14:51:42.631995" elapsed="0.000042">No keyword with name 'Dictionary Should Contain Key' found.</status>
</kw>
<kw name="Should Contain" owner="BuiltIn">
<arg>${json['detail']}</arg>
<arg>Invalid credentials</arg>
<doc>Fails if ``container`` does not contain ``item`` one or more times.</doc>
<status status="NOT RUN" start="2025-11-26T14:51:42.632100" elapsed="0.000010"/>
</kw>
<status status="FAIL" start="2025-11-26T14:51:42.483435" elapsed="0.148754">No keyword with name 'Dictionary Should Contain Key' found.</status>
</test>
<test id="s1-s6-t14" name="Login Missing Username" line="101">
<kw name="Create Dictionary" owner="BuiltIn">
<msg time="2025-11-26T14:51:42.632629" level="INFO">${payload} = {'password': 'TestPass123!'}</msg>
<var>${payload}</var>
<arg>password=${VALID_PASSWORD}</arg>
<doc>Creates and returns a dictionary based on the given ``items``.</doc>
<status status="PASS" start="2025-11-26T14:51:42.632464" elapsed="0.000182"/>
</kw>
<kw name="POST On Session" owner="RequestsLibrary">
<msg time="2025-11-26T14:51:42.635153" level="INFO">POST Request : url=http://localhost:8001/login 
 path_url=/login 
 headers={'User-Agent': 'python-requests/2.32.5', 'Accept-Encoding': 'gzip, deflate', 'Accept': '*/*', 'Connection': 'keep-alive', 'Content-Length': '28', 'Content-Type': 'application/json'} 
 body=b'{"password": "TestPass123!"}' 
 </msg>
<msg time="2025-11-26T14:51:42.635195" level="INFO">POST Response : url=http://localhost:8001/login 
 status=422, reason=Unprocessable Content 
 headers={'date': 'Wed, 26 Nov 2025 09:21:42 GMT', 'server': 'uvicorn', 'content-length': '116', 'content-type': 'application/json'} 
 body={"detail":[{"type":"missing","loc":["body","username"],"msg":"Field required","input":{"password":"TestPass123!"}}]} 
 </msg>
<msg time="2025-11-26T14:51:42.635261" level="INFO">${resp} = &lt;Response [422]&gt;</msg>
<var>${resp}</var>
<arg>api</arg>
<arg>/login</arg>
<arg>json=${payload}</arg>
<arg>expected_status=any</arg>
<doc>Sends a POST request on a previously created HTTP Session.</doc>
<status status="PASS" start="2025-11-26T14:51:42.632787" elapsed="0.002488"/>
</kw>
<kw name="Should Not Be Equal As Numbers" owner="BuiltIn">
<msg time="2025-11-26T14:51:42.635714" level="INFO">Argument types are:
&lt;class 'int'&gt;
&lt;class 'str'&gt;</msg>
<arg>${resp.status_code}</arg>
<arg>200</arg>
<doc>Fails if objects are equal after converting them to real numbers.</doc>
<status status="PASS" start="2025-11-26T14:51:42.635358" elapsed="0.000399"/>
</kw>
<status status="PASS" start="2025-11-26T14:51:42.632300" elapsed="0.003662"/>
</test>
<test id="s1-s6-t15" name="Login Missing Password" line="106">
<kw name="Create Dictionary" owner="BuiltIn">
<msg time="2025-11-26T14:51:42.636932" level="INFO">${payload} = {'username': 'testuser'}</msg>
<var>${payload}</var>
<arg>username=${VALID_USERNAME}</arg>
<doc>Creates and returns a dictionary based on the given ``items``.</doc>
<status status="PASS" start="2025-11-26T14:51:42.636639" elapsed="0.000319"/>
</kw>
<kw name="POST On Session" owner="RequestsLibrary">
<msg time="2025-11-26T14:51:42.639348" level="INFO">POST Request : url=http://localhost:8001/login 
 path_url=/login 
 headers={'User-Agent': 'python-requests/2.32.5', 'Accept-Encoding': 'gzip, deflate', 'Accept': '*/*', 'Connection': 'keep-alive', 'Content-Length': '24', 'Content-Type': 'application/json'} 
 body=b'{"username": "testuser"}' 
 </msg>
<msg time="2025-11-26T14:51:42.639391" level="INFO">POST Response : url=http://localhost:8001/login 
 status=422, reason=Unprocessable Content 
 headers={'date': 'Wed, 26 Nov 2025 09:21:42 GMT', 'server': 'uvicorn', 'content-length': '112', 'content-type': 'application/json'} 
 body={"detail":[{"type":"missing","loc":["body","password"],"msg":"Field required","input":{"username":"testuser"}}]} 
 </msg>
<msg time="2025-11-26T14:51:42.639456" level="INFO">${resp} = &lt;Response [422]&gt;</msg>
<var>${resp}</var>
<arg>api</arg>
<arg>/login</arg>
<arg>json=${payload}</arg>
<arg>expected_status=any</arg>
<doc>Sends a POST request on a previously created HTTP Session.</doc>
<status status="PASS" start="2025-11-26T14:51:42.637028" elapsed="0.002442"/>
</kw>
<kw name="Should Not Be Equal As Numbers" owner="BuiltIn">
<msg time="2025-11-26T14:51:42.640058" level="INFO">Argument types are:
&lt;class 'int'&gt;
&lt;class 'str'&gt;</msg>
<arg>${resp.status_code}</arg>
<arg>200</arg>
<doc>Fails if objects are equal after converting them to real numbers.</doc>
<status status="PASS" start="2025-11-26T14:51:42.639739" elapsed="0.000353"/>
</kw>
<status status="PASS" start="2025-11-26T14:51:42.636307" elapsed="0.003852"/>
</test>
<test id="s1-s6-t16" name="Login Empty Username" line="111">
<kw name="Create Dictionary" owner="BuiltIn">
<msg time="2025-11-26T14:51:42.640653" level="INFO">${payload} = {'username': '', 'password': 'TestPass123!'}</msg>
<var>${payload}</var>
<arg>username=</arg>
<arg>password=${VALID_PASSWORD}</arg>
<doc>Creates and returns a dictionary based on the given ``items``.</doc>
<status status="PASS" start="2025-11-26T14:51:42.640498" elapsed="0.000172"/>
</kw>
<kw name="POST On Session" owner="RequestsLibrary">
<msg time="2025-11-26T14:51:42.717988" level="INFO">POST Request : url=http://localhost:8001/login 
 path_url=/login 
 headers={'User-Agent': 'python-requests/2.32.5', 'Accept-Encoding': 'gzip, deflate', 'Accept': '*/*', 'Connection': 'keep-alive', 'Content-Length': '44', 'Content-Type': 'application/json'} 
 body=b'{"username": "", "password": "TestPass123!"}' 
 </msg>
<msg time="2025-11-26T14:51:42.718045" level="INFO">POST Response : url=http://localhost:8001/login 
 status=401, reason=Unauthorized 
 headers={'date': 'Wed, 26 Nov 2025 09:21:42 GMT', 'server': 'uvicorn', 'content-length': '32', 'content-type': 'application/json'} 
 body={"detail":"Invalid credentials"} 
 </msg>
<msg time="2025-11-26T14:51:42.718126" level="INFO">${resp} = &lt;Response [401]&gt;</msg>
<var>${resp}</var>
<arg>api</arg>
<arg>/login</arg>
<arg>json=${payload}</arg>
<arg>expected_status=any</arg>
<doc>Sends a POST request on a previously created HTTP Session.</doc>
<status status="PASS" start="2025-11-26T14:51:42.640745" elapsed="0.077398"/>
</kw>
<kw name="Should Not Be Equal As Numbers" owner="BuiltIn">
<msg time="2025-11-26T14:51:42.718579" level="INFO">Argument types are:
&lt;class 'int'&gt;
&lt;class 'str'&gt;</msg>
<arg>${resp.status_code}</arg>
<arg>200</arg>
<doc>Fails if objects are equal after converting them to real numbers.</doc>
<status status="PASS" start="2025-11-26T14:51:42.718243" elapsed="0.000372"/>
</kw>
<status status="PASS" start="2025-11-26T14:51:42.640289" elapsed="0.078395"/>
</test>
<test id="s1-s6-t17" name="Login Empty Password" line="116">
<kw name="Create Dictionary" owner="BuiltIn">
<msg time="2025-11-26T14:51:42.719117" level="INFO">${payload} = {'username': 'testuser', 'password': ''}</msg>
<var>${payload}</var>
<arg>username=${VALID_USERNAME}</arg>
<arg>password=</arg>
<doc>Creates and returns a dictionary based on the given ``items``.</doc>
<status status="PASS" start="2025-11-26T14:51:42.718976" elapsed="0.000156"/>
</kw>
<kw name="POST On Session" owner="RequestsLibrary">
<msg time="2025-11-26T14:51:42.791323" level="INFO">POST Request : url=http://localhost:8001/login 
 path_url=/login 
 headers={'User-Agent': 'python-requests/2.32.5', 'Accept-Encoding': 'gzip, deflate', 'Accept': '*/*', 'Connection': 'keep-alive', 'Content-Length': '40', 'Content-Type': 'application/json'} 
 body=b'{"username": "testuser", "password": ""}' 
 </msg>
<msg time="2025-11-26T14:51:42.791381" level="INFO">POST Response : url=http://localhost:8001/login 
 status=401, reason=Unauthorized 
 headers={'date': 'Wed, 26 Nov 2025 09:21:42 GMT', 'server': 'uvicorn', 'content-length': '32', 'content-type': 'application/json'} 
 body={"detail":"Invalid credentials"} 
 </msg>
<msg time="2025-11-26T14:51:42.791463" level="INFO">${resp} = &lt;Response [401]&gt;</msg>
<var>${resp}</var>
<arg>api</arg>
<arg>/login</arg>
<arg>json=${payload}</arg>
<arg>expected_status=any</arg>
<doc>Sends a POST request on a previously created HTTP Session.</doc>
<status status="PASS" start="2025-11-26T14:51:42.719189" elapsed="0.072289"/>
</kw>
<kw name="Should Not Be Equal As Numbers" owner="BuiltIn">
<msg time="2025-11-26T14:51:42.791973" level="INFO">Argument types are:
&lt;class 'int'&gt;
&lt;class 'str'&gt;</msg>
<arg>${resp.status_code}</arg>
<arg>200</arg>
<doc>Fails if objects are equal after converting them to real numbers.</doc>
<status status="PASS" start="2025-11-26T14:51:42.791616" elapsed="0.000397"/>
</kw>
<status status="PASS" start="2025-11-26T14:51:42.718796" elapsed="0.073286"/>
</test>
<test id="s1-s6-t18" name="Login Username Invalid Type" line="121">
<kw name="Create Dictionary" owner="BuiltIn">
<msg time="2025-11-26T14:51:42.792542" level="INFO">${payload} = {'username': '12345', 'password': 'TestPass123!'}</msg>
<var>${payload}</var>
<arg>username=${NUMERIC_USERNAME}</arg>
<arg>password=${VALID_PASSWORD}</arg>
<doc>Creates and returns a dictionary based on the given ``items``.</doc>
<status status="PASS" start="2025-11-26T14:51:42.792381" elapsed="0.000177"/>
</kw>
<kw name="POST On Session" owner="RequestsLibrary">
<msg time="2025-11-26T14:51:42.861008" level="INFO">POST Request : url=http://localhost:8001/login 
 path_url=/login 
 headers={'User-Agent': 'python-requests/2.32.5', 'Accept-Encoding': 'gzip, deflate', 'Accept': '*/*', 'Connection': 'keep-alive', 'Content-Length': '49', 'Content-Type': 'application/json'} 
 body=b'{"username": "12345", "password": "TestPass123!"}' 
 </msg>
<msg time="2025-11-26T14:51:42.861067" level="INFO">POST Response : url=http://localhost:8001/login 
 status=401, reason=Unauthorized 
 headers={'date': 'Wed, 26 Nov 2025 09:21:42 GMT', 'server': 'uvicorn', 'content-length': '32', 'content-type': 'application/json'} 
 body={"detail":"Invalid credentials"} 
 </msg>
<msg time="2025-11-26T14:51:42.861151" level="INFO">${resp} = &lt;Response [401]&gt;</msg>
<var>${resp}</var>
<arg>api</arg>
<arg>/login</arg>
<arg>json=${payload}</arg>
<arg>expected_status=any</arg>
<doc>Sends a POST request on a previously created HTTP Session.</doc>
<status status="PASS" start="2025-11-26T14:51:42.792614" elapsed="0.068553"/>
</kw>
<kw name="Should Not Be Equal As Numbers" owner="BuiltIn">
<msg time="2025-11-26T14:51:42.861646" level="INFO">Argument types are:
&lt;class 'int'&gt;
&lt;class 'str'&gt;</msg>
<arg>${resp.status_code}</arg>
<arg>200</arg>
<doc>Fails if objects are equal after converting them to real numbers.</doc>
<status status="PASS" start="2025-11-26T14:51:42.861269" elapsed="0.000418"/>
</kw>
<status status="PASS" start="2025-11-26T14:51:42.792192" elapsed="0.069569"/>
</test>
<test id="s1-s6-t19" name="Login Password Invalid Type" line="126">
<kw name="Create Dictionary" owner="BuiltIn">
<msg time="2025-11-26T14:51:42.862218" level="INFO">${payload} = {'username': 'testuser', 'password': '67890'}</msg>
<var>${payload}</var>
<arg>username=${VALID_USERNAME}</arg>
<arg>password=${NUMERIC_PASSWORD}</arg>
<doc>Creates and returns a dictionary based on the given ``items``.</doc>
<status status="PASS" start="2025-11-26T14:51:42.862056" elapsed="0.000177"/>
</kw>
<kw name="POST On Session" owner="RequestsLibrary">
<msg time="2025-11-26T14:51:42.932187" level="INFO">POST Request : url=http://localhost:8001/login 
 path_url=/login 
 headers={'User-Agent': 'python-requests/2.32.5', 'Accept-Encoding': 'gzip, deflate', 'Accept': '*/*', 'Connection': 'keep-alive', 'Content-Length': '45', 'Content-Type': 'application/json'} 
 body=b'{"username": "testuser", "password": "67890"}' 
 </msg>
<msg time="2025-11-26T14:51:42.932244" level="INFO">POST Response : url=http://localhost:8001/login 
 status=401, reason=Unauthorized 
 headers={'date': 'Wed, 26 Nov 2025 09:21:42 GMT', 'server': 'uvicorn', 'content-length': '32', 'content-type': 'application/json'} 
 body={"detail":"Invalid credentials"} 
 </msg>
<msg time="2025-11-26T14:51:42.932322" level="INFO">${resp} = &lt;Response [401]&gt;</msg>
<var>${resp}</var>
<arg>api</arg>
<arg>/login</arg>
<arg>json=${payload}</arg>
<arg>expected_status=any</arg>
<doc>Sends a POST request on a previously created HTTP Session.</doc>
<status status="PASS" start="2025-11-26T14:51:42.862289" elapsed="0.070047"/>
</kw>
<kw name="Should Not Be Equal As Numbers" owner="BuiltIn">
<msg time="2025-11-26T14:51:42.932907" level="INFO">Argument types are:
&lt;class 'int'&gt;
&lt;class 'str'&gt;</msg>
<arg>${resp.status_code}</arg>
<arg>200</arg>
<doc>Fails if objects are equal after converting them to real numbers.</doc>
<status status="PASS" start="2025-11-26T14:51:42.932471" elapsed="0.000473"/>
</kw>
<status status="PASS" start="2025-11-26T14:51:42.861872" elapsed="0.071137"/>
</test>
<status status="FAIL" start="2025-11-26T14:51:42.352087" elapsed="0.581234"/>
</suite>
<status status="FAIL" start="2025-11-26T14:51:39.079534" elapsed="3.854339"/>
</suite>
<statistics>
<total>
<stat pass="54" fail="50" skip="0">All Tests</stat>
</total>
<tag>
</tag>
<suite>
<stat name="Tests" id="s1" pass="54" fail="50" skip="0">Tests</stat>
<stat name="Raw Output" id="s1-s1" pass="12" fail="7" skip="0">Tests.Raw Output</stat>
<stat name="Raw Output1" id="s1-s2" pass="0" fail="11" skip="0">Tests.Raw Output1</stat>
<stat name="Raw Output2" id="s1-s3" pass="9" fail="9" skip="0">Tests.Raw Output2</stat>
<stat name="Raw Output3" id="s1-s4" pass="11" fail="8" skip="0">Tests.Raw Output3</stat>
<stat name="Raw Output4" id="s1-s5" pass="10" fail="8" skip="0">Tests.Raw Output4</stat>
<stat name="Raw Output5" id="s1-s6" pass="12" fail="7" skip="0">Tests.Raw Output5</stat>
</suite>
</statistics>
<errors>
<msg time="2025-11-26T14:51:39.029950" level="WARN">Error in file '/Users/nakshatra.g.int/Desktop/LlamaIndex/tests/raw_output.robot' on line 114: The '[Return]' setting is deprecated. Use the 'RETURN' statement instead.</msg>
<msg time="2025-11-26T14:51:39.030182" level="WARN">Error in file '/Users/nakshatra.g.int/Desktop/LlamaIndex/tests/raw_output.robot' on line 121: The '[Return]' setting is deprecated. Use the 'RETURN' statement instead.</msg>
<msg time="2025-11-26T14:51:40.027859" level="WARN">You might have an = symbol in url. You better place 'url=' before, example: 'url=/your-url/foo?param=a' or use '/your-url/foo  params=param=a' or escape it</msg>
<msg time="2025-11-26T14:51:40.030361" level="WARN">You might have an = symbol in url. You better place 'url=' before, example: 'url=/your-url/foo?param=a' or use '/your-url/foo  params=param=a' or escape it</msg>
<msg time="2025-11-26T14:51:40.031901" level="WARN">You might have an = symbol in url. You better place 'url=' before, example: 'url=/your-url/foo?param=a' or use '/your-url/foo  params=param=a' or escape it</msg>
<msg time="2025-11-26T14:51:40.033057" level="WARN">You might have an = symbol in url. You better place 'url=' before, example: 'url=/your-url/foo?param=a' or use '/your-url/foo  params=param=a' or escape it</msg>
<msg time="2025-11-26T14:51:40.034354" level="WARN">You might have an = symbol in url. You better place 'url=' before, example: 'url=/your-url/foo?param=a' or use '/your-url/foo  params=param=a' or escape it</msg>
<msg time="2025-11-26T14:51:40.035483" level="WARN">You might have an = symbol in url. You better place 'url=' before, example: 'url=/your-url/foo?param=a' or use '/your-url/foo  params=param=a' or escape it</msg>
<msg time="2025-11-26T14:51:40.037291" level="WARN">You might have an = symbol in url. You better place 'url=' before, example: 'url=/your-url/foo?param=a' or use '/your-url/foo  params=param=a' or escape it</msg>
<msg time="2025-11-26T14:51:40.038381" level="WARN">You might have an = symbol in url. You better place 'url=' before, example: 'url=/your-url/foo?param=a' or use '/your-url/foo  params=param=a' or escape it</msg>
<msg time="2025-11-26T14:51:40.039388" level="WARN">You might have an = symbol in url. You better place 'url=' before, example: 'url=/your-url/foo?param=a' or use '/your-url/foo  params=param=a' or escape it</msg>
<msg time="2025-11-26T14:51:40.040452" level="WARN">You might have an = symbol in url. You better place 'url=' before, example: 'url=/your-url/foo?param=a' or use '/your-url/foo  params=param=a' or escape it</msg>
<msg time="2025-11-26T14:51:42.353163" level="ERROR">Error in file '/Users/nakshatra.g.int/Desktop/LlamaIndex/tests/raw_output5.robot' on line 9: Setting variable '${LONG_STRING}' failed: Resolving variable '${'a'*256}' failed: Variable '${'a}' not found.</msg>
</errors>
</robot>
