<?xml version="1.0" encoding="UTF-8"?>
<robot generator="Robot 7.3.2 (Python 3.14.0 on darwin)" generated="2025-11-25T12:24:40.393575" rpa="false" schemaversion="5">
<suite id="s1" name="Tests" source="/Users/nakshatra.g.int/Desktop/LlamaIndex/tests">
<suite id="s1-s1" name="Raw Output" source="/Users/nakshatra.g.int/Desktop/LlamaIndex/tests/raw_output.robot">
<test id="s1-s1-t1" name="Normal Age Calculation" line="10">
<kw name="Create Date">
<kw name="Split String">
<msg time="2025-11-25T12:24:40.423599" level="FAIL">No keyword with name 'Split String' found.</msg>
<var>${parts}</var>
<arg>${date_string}</arg>
<arg>-</arg>
<status status="FAIL" start="2025-11-25T12:24:40.423580" elapsed="0.000048">No keyword with name 'Split String' found.</status>
</kw>
<kw name="Convert To Integer" owner="BuiltIn">
<var>${year}</var>
<arg>${parts[0]}</arg>
<doc>Converts the given item to an integer number.</doc>
<status status="NOT RUN" start="2025-11-25T12:24:40.423702" elapsed="0.000012"/>
</kw>
<kw name="Convert To Integer" owner="BuiltIn">
<var>${month}</var>
<arg>${parts[1]}</arg>
<doc>Converts the given item to an integer number.</doc>
<status status="NOT RUN" start="2025-11-25T12:24:40.423759" elapsed="0.000008"/>
</kw>
<kw name="Convert To Integer" owner="BuiltIn">
<var>${day}</var>
<arg>${parts[2]}</arg>
<doc>Converts the given item to an integer number.</doc>
<status status="NOT RUN" start="2025-11-25T12:24:40.423801" elapsed="0.000007"/>
</kw>
<kw name="Run Keyword If" owner="BuiltIn">
<arg>${month} &lt; 1 or ${month} &gt; 12</arg>
<arg>Raise Error</arg>
<arg>ValueError: Invalid month value</arg>
<doc>Runs the given keyword with the given arguments, if ``condition`` is true.</doc>
<status status="NOT RUN" start="2025-11-25T12:24:40.423855" elapsed="0.000007"/>
</kw>
<kw name="Get Max Day Of Month">
<var>${max_day}</var>
<arg>${year}</arg>
<arg>${month}</arg>
<status status="NOT RUN" start="2025-11-25T12:24:40.423926" elapsed="0.000010"/>
</kw>
<kw name="Run Keyword If" owner="BuiltIn">
<arg>${day} &lt; 1 or ${day} &gt; ${max_day}</arg>
<arg>Raise Error</arg>
<arg>ValueError: Invalid day value</arg>
<doc>Runs the given keyword with the given arguments, if ``condition`` is true.</doc>
<status status="NOT RUN" start="2025-11-25T12:24:40.423974" elapsed="0.000006"/>
</kw>
<kw name="Evaluate" owner="BuiltIn">
<var>${date}</var>
<arg>datetime.date(${year}, ${month}, ${day})</arg>
<arg>datetime</arg>
<doc>Evaluates the given expression in Python and returns the result.</doc>
<status status="NOT RUN" start="2025-11-25T12:24:40.424013" elapsed="0.000007"/>
</kw>
<return>
<value>${date}</value>
<status status="NOT RUN" start="2025-11-25T12:24:40.424040" elapsed="0.000012"/>
</return>
<var>${birth}</var>
<arg>1990-01-15</arg>
<status status="FAIL" start="2025-11-25T12:24:40.422638" elapsed="0.001471">No keyword with name 'Split String' found.</status>
</kw>
<kw name="Evaluate" owner="BuiltIn">
<var>${expected}</var>
<arg>{'years': 35, 'months': 4, 'days': 5}</arg>
<arg>datetime, dateutil</arg>
<doc>Evaluates the given expression in Python and returns the result.</doc>
<status status="NOT RUN" start="2025-11-25T12:24:40.424150" elapsed="0.000008"/>
</kw>
<kw name="Calculate Age">
<var>${result}</var>
<arg>${birth}</arg>
<arg>${FIXED_TODAY}</arg>
<status status="NOT RUN" start="2025-11-25T12:24:40.424220" elapsed="0.000008"/>
</kw>
<kw name="Dictionaries Should Be Equal" owner="Collections">
<arg>${result}</arg>
<arg>${expected}</arg>
<doc>Fails if the given dictionaries are not equal.</doc>
<status status="NOT RUN" start="2025-11-25T12:24:40.424261" elapsed="0.000007"/>
</kw>
<doc>Verify age calculation for a typical birth date.</doc>
<status status="FAIL" start="2025-11-25T12:24:40.422283" elapsed="0.002045">No keyword with name 'Split String' found.</status>
</test>
<test id="s1-s1-t2" name="Leap Year Birth On Feb 29 (Non‑Leap Current Year)" line="17">
<kw name="Create Date">
<kw name="Split String">
<msg time="2025-11-25T12:24:40.426065" level="FAIL">No keyword with name 'Split String' found.</msg>
<var>${parts}</var>
<arg>${date_string}</arg>
<arg>-</arg>
<status status="FAIL" start="2025-11-25T12:24:40.426053" elapsed="0.000029">No keyword with name 'Split String' found.</status>
</kw>
<kw name="Convert To Integer" owner="BuiltIn">
<var>${year}</var>
<arg>${parts[0]}</arg>
<doc>Converts the given item to an integer number.</doc>
<status status="NOT RUN" start="2025-11-25T12:24:40.426125" elapsed="0.000008"/>
</kw>
<kw name="Convert To Integer" owner="BuiltIn">
<var>${month}</var>
<arg>${parts[1]}</arg>
<doc>Converts the given item to an integer number.</doc>
<status status="NOT RUN" start="2025-11-25T12:24:40.426166" elapsed="0.000006"/>
</kw>
<kw name="Convert To Integer" owner="BuiltIn">
<var>${day}</var>
<arg>${parts[2]}</arg>
<doc>Converts the given item to an integer number.</doc>
<status status="NOT RUN" start="2025-11-25T12:24:40.426204" elapsed="0.000007"/>
</kw>
<kw name="Run Keyword If" owner="BuiltIn">
<arg>${month} &lt; 1 or ${month} &gt; 12</arg>
<arg>Raise Error</arg>
<arg>ValueError: Invalid month value</arg>
<doc>Runs the given keyword with the given arguments, if ``condition`` is true.</doc>
<status status="NOT RUN" start="2025-11-25T12:24:40.426246" elapsed="0.000006"/>
</kw>
<kw name="Get Max Day Of Month">
<var>${max_day}</var>
<arg>${year}</arg>
<arg>${month}</arg>
<status status="NOT RUN" start="2025-11-25T12:24:40.426302" elapsed="0.000009"/>
</kw>
<kw name="Run Keyword If" owner="BuiltIn">
<arg>${day} &lt; 1 or ${day} &gt; ${max_day}</arg>
<arg>Raise Error</arg>
<arg>ValueError: Invalid day value</arg>
<doc>Runs the given keyword with the given arguments, if ``condition`` is true.</doc>
<status status="NOT RUN" start="2025-11-25T12:24:40.426347" elapsed="0.000006"/>
</kw>
<kw name="Evaluate" owner="BuiltIn">
<var>${date}</var>
<arg>datetime.date(${year}, ${month}, ${day})</arg>
<arg>datetime</arg>
<doc>Evaluates the given expression in Python and returns the result.</doc>
<status status="NOT RUN" start="2025-11-25T12:24:40.426385" elapsed="0.000006"/>
</kw>
<return>
<value>${date}</value>
<status status="NOT RUN" start="2025-11-25T12:24:40.426407" elapsed="0.000009"/>
</return>
<var>${birth}</var>
<arg>2000-02-29</arg>
<status status="FAIL" start="2025-11-25T12:24:40.425447" elapsed="0.001007">No keyword with name 'Split String' found.</status>
</kw>
<kw name="Evaluate" owner="BuiltIn">
<var>${expected}</var>
<arg>{'years': 25, 'months': 2, 'days': 19}</arg>
<arg>datetime, dateutil</arg>
<doc>Evaluates the given expression in Python and returns the result.</doc>
<status status="NOT RUN" start="2025-11-25T12:24:40.426492" elapsed="0.000008"/>
</kw>
<kw name="Calculate Age">
<var>${result}</var>
<arg>${birth}</arg>
<arg>${FIXED_TODAY}</arg>
<status status="NOT RUN" start="2025-11-25T12:24:40.426553" elapsed="0.000008"/>
</kw>
<kw name="Dictionaries Should Be Equal" owner="Collections">
<arg>${result}</arg>
<arg>${expected}</arg>
<doc>Fails if the given dictionaries are not equal.</doc>
<status status="NOT RUN" start="2025-11-25T12:24:40.426593" elapsed="0.000006"/>
</kw>
<doc>Verify age when born on Feb 29 and current year is not a leap year.</doc>
<status status="FAIL" start="2025-11-25T12:24:40.425110" elapsed="0.001539">No keyword with name 'Split String' found.</status>
</test>
<test id="s1-s1-t3" name="Leap Year Birth On Feb 29 (Leap Current Year)" line="24">
<kw name="Create Date">
<kw name="Split String">
<msg time="2025-11-25T12:24:40.427509" level="FAIL">No keyword with name 'Split String' found.</msg>
<var>${parts}</var>
<arg>${date_string}</arg>
<arg>-</arg>
<status status="FAIL" start="2025-11-25T12:24:40.427499" elapsed="0.000025">No keyword with name 'Split String' found.</status>
</kw>
<kw name="Convert To Integer" owner="BuiltIn">
<var>${year}</var>
<arg>${parts[0]}</arg>
<doc>Converts the given item to an integer number.</doc>
<status status="NOT RUN" start="2025-11-25T12:24:40.427565" elapsed="0.000007"/>
</kw>
<kw name="Convert To Integer" owner="BuiltIn">
<var>${month}</var>
<arg>${parts[1]}</arg>
<doc>Converts the given item to an integer number.</doc>
<status status="NOT RUN" start="2025-11-25T12:24:40.427602" elapsed="0.000006"/>
</kw>
<kw name="Convert To Integer" owner="BuiltIn">
<var>${day}</var>
<arg>${parts[2]}</arg>
<doc>Converts the given item to an integer number.</doc>
<status status="NOT RUN" start="2025-11-25T12:24:40.427647" elapsed="0.000006"/>
</kw>
<kw name="Run Keyword If" owner="BuiltIn">
<arg>${month} &lt; 1 or ${month} &gt; 12</arg>
<arg>Raise Error</arg>
<arg>ValueError: Invalid month value</arg>
<doc>Runs the given keyword with the given arguments, if ``condition`` is true.</doc>
<status status="NOT RUN" start="2025-11-25T12:24:40.427686" elapsed="0.000007"/>
</kw>
<kw name="Get Max Day Of Month">
<var>${max_day}</var>
<arg>${year}</arg>
<arg>${month}</arg>
<status status="NOT RUN" start="2025-11-25T12:24:40.427740" elapsed="0.000008"/>
</kw>
<kw name="Run Keyword If" owner="BuiltIn">
<arg>${day} &lt; 1 or ${day} &gt; ${max_day}</arg>
<arg>Raise Error</arg>
<arg>ValueError: Invalid day value</arg>
<doc>Runs the given keyword with the given arguments, if ``condition`` is true.</doc>
<status status="NOT RUN" start="2025-11-25T12:24:40.427781" elapsed="0.000006"/>
</kw>
<kw name="Evaluate" owner="BuiltIn">
<var>${date}</var>
<arg>datetime.date(${year}, ${month}, ${day})</arg>
<arg>datetime</arg>
<doc>Evaluates the given expression in Python and returns the result.</doc>
<status status="NOT RUN" start="2025-11-25T12:24:40.427818" elapsed="0.000006"/>
</kw>
<return>
<value>${date}</value>
<status status="NOT RUN" start="2025-11-25T12:24:40.427839" elapsed="0.000006"/>
</return>
<var>${birth}</var>
<arg>2004-02-29</arg>
<status status="FAIL" start="2025-11-25T12:24:40.426880" elapsed="0.000998">No keyword with name 'Split String' found.</status>
</kw>
<kw name="Set Variable" owner="BuiltIn">
<var>${today}</var>
<arg>2024-02-29</arg>
<doc>Returns the given values which can then be assigned to a variables.</doc>
<status status="NOT RUN" start="2025-11-25T12:24:40.427914" elapsed="0.000007"/>
</kw>
<kw name="Evaluate" owner="BuiltIn">
<var>${expected}</var>
<arg>{'years': 20, 'months': 0, 'days': 0}</arg>
<arg>datetime, dateutil</arg>
<doc>Evaluates the given expression in Python and returns the result.</doc>
<status status="NOT RUN" start="2025-11-25T12:24:40.427950" elapsed="0.000006"/>
</kw>
<kw name="Calculate Age">
<var>${result}</var>
<arg>${birth}</arg>
<arg>${today}</arg>
<status status="NOT RUN" start="2025-11-25T12:24:40.428005" elapsed="0.000009"/>
</kw>
<kw name="Dictionaries Should Be Equal" owner="Collections">
<arg>${result}</arg>
<arg>${expected}</arg>
<doc>Fails if the given dictionaries are not equal.</doc>
<status status="NOT RUN" start="2025-11-25T12:24:40.428047" elapsed="0.000007"/>
</kw>
<doc>Verify age when both birth year and current year are leap years.</doc>
<status status="FAIL" start="2025-11-25T12:24:40.426718" elapsed="0.001381">No keyword with name 'Split String' found.</status>
</test>
<test id="s1-s1-t4" name="Birth Date Is Today" line="32">
<kw name="Create Date">
<kw name="Split String">
<msg time="2025-11-25T12:24:40.428868" level="FAIL">No keyword with name 'Split String' found.</msg>
<var>${parts}</var>
<arg>${date_string}</arg>
<arg>-</arg>
<status status="FAIL" start="2025-11-25T12:24:40.428858" elapsed="0.000024">No keyword with name 'Split String' found.</status>
</kw>
<kw name="Convert To Integer" owner="BuiltIn">
<var>${year}</var>
<arg>${parts[0]}</arg>
<doc>Converts the given item to an integer number.</doc>
<status status="NOT RUN" start="2025-11-25T12:24:40.428921" elapsed="0.000008"/>
</kw>
<kw name="Convert To Integer" owner="BuiltIn">
<var>${month}</var>
<arg>${parts[1]}</arg>
<doc>Converts the given item to an integer number.</doc>
<status status="NOT RUN" start="2025-11-25T12:24:40.428959" elapsed="0.000007"/>
</kw>
<kw name="Convert To Integer" owner="BuiltIn">
<var>${day}</var>
<arg>${parts[2]}</arg>
<doc>Converts the given item to an integer number.</doc>
<status status="NOT RUN" start="2025-11-25T12:24:40.428994" elapsed="0.000006"/>
</kw>
<kw name="Run Keyword If" owner="BuiltIn">
<arg>${month} &lt; 1 or ${month} &gt; 12</arg>
<arg>Raise Error</arg>
<arg>ValueError: Invalid month value</arg>
<doc>Runs the given keyword with the given arguments, if ``condition`` is true.</doc>
<status status="NOT RUN" start="2025-11-25T12:24:40.429031" elapsed="0.000005"/>
</kw>
<kw name="Get Max Day Of Month">
<var>${max_day}</var>
<arg>${year}</arg>
<arg>${month}</arg>
<status status="NOT RUN" start="2025-11-25T12:24:40.429081" elapsed="0.000008"/>
</kw>
<kw name="Run Keyword If" owner="BuiltIn">
<arg>${day} &lt; 1 or ${day} &gt; ${max_day}</arg>
<arg>Raise Error</arg>
<arg>ValueError: Invalid day value</arg>
<doc>Runs the given keyword with the given arguments, if ``condition`` is true.</doc>
<status status="NOT RUN" start="2025-11-25T12:24:40.429126" elapsed="0.000006"/>
</kw>
<kw name="Evaluate" owner="BuiltIn">
<var>${date}</var>
<arg>datetime.date(${year}, ${month}, ${day})</arg>
<arg>datetime</arg>
<doc>Evaluates the given expression in Python and returns the result.</doc>
<status status="NOT RUN" start="2025-11-25T12:24:40.429165" elapsed="0.000006"/>
</kw>
<return>
<value>${date}</value>
<status status="NOT RUN" start="2025-11-25T12:24:40.429185" elapsed="0.000006"/>
</return>
<var>${birth}</var>
<arg>2025-05-20</arg>
<status status="FAIL" start="2025-11-25T12:24:40.428295" elapsed="0.000927">No keyword with name 'Split String' found.</status>
</kw>
<kw name="Evaluate" owner="BuiltIn">
<var>${expected}</var>
<arg>{'years': 0, 'months': 0, 'days': 0}</arg>
<arg>datetime, dateutil</arg>
<doc>Evaluates the given expression in Python and returns the result.</doc>
<status status="NOT RUN" start="2025-11-25T12:24:40.429259" elapsed="0.000007"/>
</kw>
<kw name="Calculate Age">
<var>${result}</var>
<arg>${birth}</arg>
<arg>${FIXED_TODAY}</arg>
<status status="NOT RUN" start="2025-11-25T12:24:40.429318" elapsed="0.000008"/>
</kw>
<kw name="Dictionaries Should Be Equal" owner="Collections">
<arg>${result}</arg>
<arg>${expected}</arg>
<doc>Fails if the given dictionaries are not equal.</doc>
<status status="NOT RUN" start="2025-11-25T12:24:40.429360" elapsed="0.000006"/>
</kw>
<doc>Age should be zero when birth date equals today.</doc>
<status status="FAIL" start="2025-11-25T12:24:40.428161" elapsed="0.001250">No keyword with name 'Split String' found.</status>
</test>
<test id="s1-s1-t5" name="Future Birth Date Should Fail" line="39">
<kw name="Create Date">
<kw name="Split String">
<msg time="2025-11-25T12:24:40.430188" level="FAIL">No keyword with name 'Split String' found.</msg>
<var>${parts}</var>
<arg>${date_string}</arg>
<arg>-</arg>
<status status="FAIL" start="2025-11-25T12:24:40.430178" elapsed="0.000024">No keyword with name 'Split String' found.</status>
</kw>
<kw name="Convert To Integer" owner="BuiltIn">
<var>${year}</var>
<arg>${parts[0]}</arg>
<doc>Converts the given item to an integer number.</doc>
<status status="NOT RUN" start="2025-11-25T12:24:40.430241" elapsed="0.000008"/>
</kw>
<kw name="Convert To Integer" owner="BuiltIn">
<var>${month}</var>
<arg>${parts[1]}</arg>
<doc>Converts the given item to an integer number.</doc>
<status status="NOT RUN" start="2025-11-25T12:24:40.430279" elapsed="0.000006"/>
</kw>
<kw name="Convert To Integer" owner="BuiltIn">
<var>${day}</var>
<arg>${parts[2]}</arg>
<doc>Converts the given item to an integer number.</doc>
<status status="NOT RUN" start="2025-11-25T12:24:40.430314" elapsed="0.000006"/>
</kw>
<kw name="Run Keyword If" owner="BuiltIn">
<arg>${month} &lt; 1 or ${month} &gt; 12</arg>
<arg>Raise Error</arg>
<arg>ValueError: Invalid month value</arg>
<doc>Runs the given keyword with the given arguments, if ``condition`` is true.</doc>
<status status="NOT RUN" start="2025-11-25T12:24:40.430353" elapsed="0.000006"/>
</kw>
<kw name="Get Max Day Of Month">
<var>${max_day}</var>
<arg>${year}</arg>
<arg>${month}</arg>
<status status="NOT RUN" start="2025-11-25T12:24:40.430404" elapsed="0.000007"/>
</kw>
<kw name="Run Keyword If" owner="BuiltIn">
<arg>${day} &lt; 1 or ${day} &gt; ${max_day}</arg>
<arg>Raise Error</arg>
<arg>ValueError: Invalid day value</arg>
<doc>Runs the given keyword with the given arguments, if ``condition`` is true.</doc>
<status status="NOT RUN" start="2025-11-25T12:24:40.430445" elapsed="0.000007"/>
</kw>
<kw name="Evaluate" owner="BuiltIn">
<var>${date}</var>
<arg>datetime.date(${year}, ${month}, ${day})</arg>
<arg>datetime</arg>
<doc>Evaluates the given expression in Python and returns the result.</doc>
<status status="NOT RUN" start="2025-11-25T12:24:40.430492" elapsed="0.000006"/>
</kw>
<return>
<value>${date}</value>
<status status="NOT RUN" start="2025-11-25T12:24:40.430513" elapsed="0.000007"/>
</return>
<var>${birth}</var>
<arg>2026-01-01</arg>
<status status="FAIL" start="2025-11-25T12:24:40.429612" elapsed="0.000939">No keyword with name 'Split String' found.</status>
</kw>
<kw name="Run Keyword And Expect Error" owner="BuiltIn">
<arg>ValueError: Birth date cannot be in the future</arg>
<arg>Calculate Age</arg>
<arg>${birth}</arg>
<arg>${FIXED_TODAY}</arg>
<doc>Runs the keyword and checks that the expected error occurred.</doc>
<status status="NOT RUN" start="2025-11-25T12:24:40.430592" elapsed="0.000007"/>
</kw>
<doc>Birth dates in the future must raise an error.</doc>
<status status="FAIL" start="2025-11-25T12:24:40.429472" elapsed="0.001173">No keyword with name 'Split String' found.</status>
</test>
<test id="s1-s1-t6" name="Invalid Month Should Fail" line="44">
<kw name="Run Keyword And Expect Error" owner="BuiltIn">
<kw name="Create Date">
<kw name="Split String">
<msg time="2025-11-25T12:24:40.431512" level="FAIL">No keyword with name 'Split String' found.</msg>
<var>${parts}</var>
<arg>${date_string}</arg>
<arg>-</arg>
<status status="FAIL" start="2025-11-25T12:24:40.431501" elapsed="0.000024">No keyword with name 'Split String' found.</status>
</kw>
<kw name="Convert To Integer" owner="BuiltIn">
<var>${year}</var>
<arg>${parts[0]}</arg>
<doc>Converts the given item to an integer number.</doc>
<status status="NOT RUN" start="2025-11-25T12:24:40.431565" elapsed="0.000007"/>
</kw>
<kw name="Convert To Integer" owner="BuiltIn">
<var>${month}</var>
<arg>${parts[1]}</arg>
<doc>Converts the given item to an integer number.</doc>
<status status="NOT RUN" start="2025-11-25T12:24:40.431602" elapsed="0.000006"/>
</kw>
<kw name="Convert To Integer" owner="BuiltIn">
<var>${day}</var>
<arg>${parts[2]}</arg>
<doc>Converts the given item to an integer number.</doc>
<status status="NOT RUN" start="2025-11-25T12:24:40.431635" elapsed="0.000006"/>
</kw>
<kw name="Run Keyword If" owner="BuiltIn">
<arg>${month} &lt; 1 or ${month} &gt; 12</arg>
<arg>Raise Error</arg>
<arg>ValueError: Invalid month value</arg>
<doc>Runs the given keyword with the given arguments, if ``condition`` is true.</doc>
<status status="NOT RUN" start="2025-11-25T12:24:40.431674" elapsed="0.000006"/>
</kw>
<kw name="Get Max Day Of Month">
<var>${max_day}</var>
<arg>${year}</arg>
<arg>${month}</arg>
<status status="NOT RUN" start="2025-11-25T12:24:40.431724" elapsed="0.000009"/>
</kw>
<kw name="Run Keyword If" owner="BuiltIn">
<arg>${day} &lt; 1 or ${day} &gt; ${max_day}</arg>
<arg>Raise Error</arg>
<arg>ValueError: Invalid day value</arg>
<doc>Runs the given keyword with the given arguments, if ``condition`` is true.</doc>
<status status="NOT RUN" start="2025-11-25T12:24:40.431767" elapsed="0.000007"/>
</kw>
<kw name="Evaluate" owner="BuiltIn">
<var>${date}</var>
<arg>datetime.date(${year}, ${month}, ${day})</arg>
<arg>datetime</arg>
<doc>Evaluates the given expression in Python and returns the result.</doc>
<status status="NOT RUN" start="2025-11-25T12:24:40.431805" elapsed="0.000006"/>
</kw>
<return>
<value>${date}</value>
<status status="NOT RUN" start="2025-11-25T12:24:40.431825" elapsed="0.000006"/>
</return>
<arg>1990-13-01</arg>
<status status="FAIL" start="2025-11-25T12:24:40.430929" elapsed="0.000934">No keyword with name 'Split String' found.</status>
</kw>
<msg time="2025-11-25T12:24:40.431989" level="FAIL">Expected error 'ValueError: Invalid month value' but got 'No keyword with name 'Split String' found.'.</msg>
<arg>ValueError: Invalid month value</arg>
<arg>Create Date</arg>
<arg>1990-13-01</arg>
<doc>Runs the keyword and checks that the expected error occurred.</doc>
<status status="FAIL" start="2025-11-25T12:24:40.430838" elapsed="0.001231">Expected error 'ValueError: Invalid month value' but got 'No keyword with name 'Split String' found.'.</status>
</kw>
<doc>Month value outside 1‑12 must raise an error.</doc>
<status status="FAIL" start="2025-11-25T12:24:40.430708" elapsed="0.001415">Expected error 'ValueError: Invalid month value' but got 'No keyword with name 'Split String' found.'.</status>
</test>
<test id="s1-s1-t7" name="Invalid Day Should Fail" line="48">
<kw name="Run Keyword And Expect Error" owner="BuiltIn">
<kw name="Create Date">
<kw name="Split String">
<msg time="2025-11-25T12:24:40.432996" level="FAIL">No keyword with name 'Split String' found.</msg>
<var>${parts}</var>
<arg>${date_string}</arg>
<arg>-</arg>
<status status="FAIL" start="2025-11-25T12:24:40.432986" elapsed="0.000025">No keyword with name 'Split String' found.</status>
</kw>
<kw name="Convert To Integer" owner="BuiltIn">
<var>${year}</var>
<arg>${parts[0]}</arg>
<doc>Converts the given item to an integer number.</doc>
<status status="NOT RUN" start="2025-11-25T12:24:40.433052" elapsed="0.000008"/>
</kw>
<kw name="Convert To Integer" owner="BuiltIn">
<var>${month}</var>
<arg>${parts[1]}</arg>
<doc>Converts the given item to an integer number.</doc>
<status status="NOT RUN" start="2025-11-25T12:24:40.433091" elapsed="0.000005"/>
</kw>
<kw name="Convert To Integer" owner="BuiltIn">
<var>${day}</var>
<arg>${parts[2]}</arg>
<doc>Converts the given item to an integer number.</doc>
<status status="NOT RUN" start="2025-11-25T12:24:40.433123" elapsed="0.000006"/>
</kw>
<kw name="Run Keyword If" owner="BuiltIn">
<arg>${month} &lt; 1 or ${month} &gt; 12</arg>
<arg>Raise Error</arg>
<arg>ValueError: Invalid month value</arg>
<doc>Runs the given keyword with the given arguments, if ``condition`` is true.</doc>
<status status="NOT RUN" start="2025-11-25T12:24:40.433161" elapsed="0.000006"/>
</kw>
<kw name="Get Max Day Of Month">
<var>${max_day}</var>
<arg>${year}</arg>
<arg>${month}</arg>
<status status="NOT RUN" start="2025-11-25T12:24:40.433215" elapsed="0.000008"/>
</kw>
<kw name="Run Keyword If" owner="BuiltIn">
<arg>${day} &lt; 1 or ${day} &gt; ${max_day}</arg>
<arg>Raise Error</arg>
<arg>ValueError: Invalid day value</arg>
<doc>Runs the given keyword with the given arguments, if ``condition`` is true.</doc>
<status status="NOT RUN" start="2025-11-25T12:24:40.433255" elapsed="0.000006"/>
</kw>
<kw name="Evaluate" owner="BuiltIn">
<var>${date}</var>
<arg>datetime.date(${year}, ${month}, ${day})</arg>
<arg>datetime</arg>
<doc>Evaluates the given expression in Python and returns the result.</doc>
<status status="NOT RUN" start="2025-11-25T12:24:40.433291" elapsed="0.000007"/>
</kw>
<return>
<value>${date}</value>
<status status="NOT RUN" start="2025-11-25T12:24:40.433314" elapsed="0.000006"/>
</return>
<arg>1990-04-31</arg>
<status status="FAIL" start="2025-11-25T12:24:40.432406" elapsed="0.000945">No keyword with name 'Split String' found.</status>
</kw>
<msg time="2025-11-25T12:24:40.433440" level="FAIL">Expected error 'ValueError: Invalid day value' but got 'No keyword with name 'Split String' found.'.</msg>
<arg>ValueError: Invalid day value</arg>
<arg>Create Date</arg>
<arg>1990-04-31</arg>
<doc>Runs the keyword and checks that the expected error occurred.</doc>
<status status="FAIL" start="2025-11-25T12:24:40.432316" elapsed="0.001159">Expected error 'ValueError: Invalid day value' but got 'No keyword with name 'Split String' found.'.</status>
</kw>
<doc>Day value outside valid range for month must raise an error.</doc>
<status status="FAIL" start="2025-11-25T12:24:40.432187" elapsed="0.001338">Expected error 'ValueError: Invalid day value' but got 'No keyword with name 'Split String' found.'.</status>
</test>
<test id="s1-s1-t8" name="Edge Case End Of Month To Start Of Next Month" line="52">
<kw name="Create Date">
<kw name="Split String">
<msg time="2025-11-25T12:24:40.434345" level="FAIL">No keyword with name 'Split String' found.</msg>
<var>${parts}</var>
<arg>${date_string}</arg>
<arg>-</arg>
<status status="FAIL" start="2025-11-25T12:24:40.434334" elapsed="0.000025">No keyword with name 'Split String' found.</status>
</kw>
<kw name="Convert To Integer" owner="BuiltIn">
<var>${year}</var>
<arg>${parts[0]}</arg>
<doc>Converts the given item to an integer number.</doc>
<status status="NOT RUN" start="2025-11-25T12:24:40.434409" elapsed="0.000008"/>
</kw>
<kw name="Convert To Integer" owner="BuiltIn">
<var>${month}</var>
<arg>${parts[1]}</arg>
<doc>Converts the given item to an integer number.</doc>
<status status="NOT RUN" start="2025-11-25T12:24:40.434450" elapsed="0.000006"/>
</kw>
<kw name="Convert To Integer" owner="BuiltIn">
<var>${day}</var>
<arg>${parts[2]}</arg>
<doc>Converts the given item to an integer number.</doc>
<status status="NOT RUN" start="2025-11-25T12:24:40.434484" elapsed="0.000006"/>
</kw>
<kw name="Run Keyword If" owner="BuiltIn">
<arg>${month} &lt; 1 or ${month} &gt; 12</arg>
<arg>Raise Error</arg>
<arg>ValueError: Invalid month value</arg>
<doc>Runs the given keyword with the given arguments, if ``condition`` is true.</doc>
<status status="NOT RUN" start="2025-11-25T12:24:40.434522" elapsed="0.000006"/>
</kw>
<kw name="Get Max Day Of Month">
<var>${max_day}</var>
<arg>${year}</arg>
<arg>${month}</arg>
<status status="NOT RUN" start="2025-11-25T12:24:40.434576" elapsed="0.000008"/>
</kw>
<kw name="Run Keyword If" owner="BuiltIn">
<arg>${day} &lt; 1 or ${day} &gt; ${max_day}</arg>
<arg>Raise Error</arg>
<arg>ValueError: Invalid day value</arg>
<doc>Runs the given keyword with the given arguments, if ``condition`` is true.</doc>
<status status="NOT RUN" start="2025-11-25T12:24:40.434616" elapsed="0.000006"/>
</kw>
<kw name="Evaluate" owner="BuiltIn">
<var>${date}</var>
<arg>datetime.date(${year}, ${month}, ${day})</arg>
<arg>datetime</arg>
<doc>Evaluates the given expression in Python and returns the result.</doc>
<status status="NOT RUN" start="2025-11-25T12:24:40.434652" elapsed="0.000006"/>
</kw>
<return>
<value>${date}</value>
<status status="NOT RUN" start="2025-11-25T12:24:40.434674" elapsed="0.000005"/>
</return>
<var>${birth}</var>
<arg>2024-04-30</arg>
<status status="FAIL" start="2025-11-25T12:24:40.433763" elapsed="0.000946">No keyword with name 'Split String' found.</status>
</kw>
<kw name="Set Variable" owner="BuiltIn">
<var>${today}</var>
<arg>2024-05-01</arg>
<doc>Returns the given values which can then be assigned to a variables.</doc>
<status status="NOT RUN" start="2025-11-25T12:24:40.434743" elapsed="0.000006"/>
</kw>
<kw name="Evaluate" owner="BuiltIn">
<var>${expected}</var>
<arg>{'years': 0, 'months': 0, 'days': 1}</arg>
<arg>datetime, dateutil</arg>
<doc>Evaluates the given expression in Python and returns the result.</doc>
<status status="NOT RUN" start="2025-11-25T12:24:40.434781" elapsed="0.000005"/>
</kw>
<kw name="Calculate Age">
<var>${result}</var>
<arg>${birth}</arg>
<arg>${today}</arg>
<status status="NOT RUN" start="2025-11-25T12:24:40.434837" elapsed="0.000008"/>
</kw>
<kw name="Dictionaries Should Be Equal" owner="Collections">
<arg>${result}</arg>
<arg>${expected}</arg>
<doc>Fails if the given dictionaries are not equal.</doc>
<status status="NOT RUN" start="2025-11-25T12:24:40.434878" elapsed="0.000006"/>
</kw>
<doc>Verify age when birth date is last day of month and today is first day of next month.</doc>
<status status="FAIL" start="2025-11-25T12:24:40.433589" elapsed="0.001341">No keyword with name 'Split String' found.</status>
</test>
<test id="s1-s1-t9" name="Edge Case Start Of Year" line="60">
<kw name="Create Date">
<kw name="Split String">
<msg time="2025-11-25T12:24:40.436020" level="FAIL">No keyword with name 'Split String' found.</msg>
<var>${parts}</var>
<arg>${date_string}</arg>
<arg>-</arg>
<status status="FAIL" start="2025-11-25T12:24:40.436009" elapsed="0.000025">No keyword with name 'Split String' found.</status>
</kw>
<kw name="Convert To Integer" owner="BuiltIn">
<var>${year}</var>
<arg>${parts[0]}</arg>
<doc>Converts the given item to an integer number.</doc>
<status status="NOT RUN" start="2025-11-25T12:24:40.436075" elapsed="0.000008"/>
</kw>
<kw name="Convert To Integer" owner="BuiltIn">
<var>${month}</var>
<arg>${parts[1]}</arg>
<doc>Converts the given item to an integer number.</doc>
<status status="NOT RUN" start="2025-11-25T12:24:40.436114" elapsed="0.000006"/>
</kw>
<kw name="Convert To Integer" owner="BuiltIn">
<var>${day}</var>
<arg>${parts[2]}</arg>
<doc>Converts the given item to an integer number.</doc>
<status status="NOT RUN" start="2025-11-25T12:24:40.436149" elapsed="0.000007"/>
</kw>
<kw name="Run Keyword If" owner="BuiltIn">
<arg>${month} &lt; 1 or ${month} &gt; 12</arg>
<arg>Raise Error</arg>
<arg>ValueError: Invalid month value</arg>
<doc>Runs the given keyword with the given arguments, if ``condition`` is true.</doc>
<status status="NOT RUN" start="2025-11-25T12:24:40.436189" elapsed="0.000005"/>
</kw>
<kw name="Get Max Day Of Month">
<var>${max_day}</var>
<arg>${year}</arg>
<arg>${month}</arg>
<status status="NOT RUN" start="2025-11-25T12:24:40.436240" elapsed="0.000009"/>
</kw>
<kw name="Run Keyword If" owner="BuiltIn">
<arg>${day} &lt; 1 or ${day} &gt; ${max_day}</arg>
<arg>Raise Error</arg>
<arg>ValueError: Invalid day value</arg>
<doc>Runs the given keyword with the given arguments, if ``condition`` is true.</doc>
<status status="NOT RUN" start="2025-11-25T12:24:40.436284" elapsed="0.000006"/>
</kw>
<kw name="Evaluate" owner="BuiltIn">
<var>${date}</var>
<arg>datetime.date(${year}, ${month}, ${day})</arg>
<arg>datetime</arg>
<doc>Evaluates the given expression in Python and returns the result.</doc>
<status status="NOT RUN" start="2025-11-25T12:24:40.436322" elapsed="0.000006"/>
</kw>
<return>
<value>${date}</value>
<status status="NOT RUN" start="2025-11-25T12:24:40.436343" elapsed="0.000006"/>
</return>
<var>${birth}</var>
<arg>2024-01-01</arg>
<status status="FAIL" start="2025-11-25T12:24:40.435426" elapsed="0.000954">No keyword with name 'Split String' found.</status>
</kw>
<kw name="Set Variable" owner="BuiltIn">
<var>${today}</var>
<arg>2024-12-31</arg>
<doc>Returns the given values which can then be assigned to a variables.</doc>
<status status="NOT RUN" start="2025-11-25T12:24:40.436416" elapsed="0.000007"/>
</kw>
<kw name="Evaluate" owner="BuiltIn">
<var>${expected}</var>
<arg>{'years': 0, 'months': 11, 'days': 30}</arg>
<arg>datetime, dateutil</arg>
<doc>Evaluates the given expression in Python and returns the result.</doc>
<status status="NOT RUN" start="2025-11-25T12:24:40.436454" elapsed="0.000006"/>
</kw>
<kw name="Calculate Age">
<var>${result}</var>
<arg>${birth}</arg>
<arg>${today}</arg>
<status status="NOT RUN" start="2025-11-25T12:24:40.436510" elapsed="0.000009"/>
</kw>
<kw name="Dictionaries Should Be Equal" owner="Collections">
<arg>${result}</arg>
<arg>${expected}</arg>
<doc>Fails if the given dictionaries are not equal.</doc>
<status status="NOT RUN" start="2025-11-25T12:24:40.436552" elapsed="0.000007"/>
</kw>
<doc>Verify age when birth date is Jan 1 and today is Dec 31 of same year.</doc>
<status status="FAIL" start="2025-11-25T12:24:40.434992" elapsed="0.001611">No keyword with name 'Split String' found.</status>
</test>
<status status="FAIL" start="2025-11-25T12:24:40.415737" elapsed="0.021023"/>
</suite>
<status status="FAIL" start="2025-11-25T12:24:40.395392" elapsed="0.041558"/>
</suite>
<statistics>
<total>
<stat pass="0" fail="9" skip="0">All Tests</stat>
</total>
<tag>
</tag>
<suite>
<stat name="Tests" id="s1" pass="0" fail="9" skip="0">Tests</stat>
<stat name="Raw Output" id="s1-s1" pass="0" fail="9" skip="0">Tests.Raw Output</stat>
</suite>
</statistics>
<errors>
<msg time="2025-11-25T12:24:40.285730" level="WARN">Error in file '/Users/nakshatra.g.int/Desktop/LlamaIndex/tests/raw_output.robot' on line 79: The '[Return]' setting is deprecated. Use the 'RETURN' statement instead.</msg>
<msg time="2025-11-25T12:24:40.285816" level="WARN">Error in file '/Users/nakshatra.g.int/Desktop/LlamaIndex/tests/raw_output.robot' on line 87: The '[Return]' setting is deprecated. Use the 'RETURN' statement instead.</msg>
<msg time="2025-11-25T12:24:40.285882" level="WARN">Error in file '/Users/nakshatra.g.int/Desktop/LlamaIndex/tests/raw_output.robot' on line 97: The '[Return]' setting is deprecated. Use the 'RETURN' statement instead.</msg>
</errors>
</robot>
